number,value,datetime_start,datetime_complete,duration,params_colsample_bytree,params_learning_rate,params_min_child_samples,params_min_split_gain,params_n_estimators,params_num_leaves,params_pesos,params_pistas,params_reg_alpha,params_reg_lambda,params_subsample,user_attrs_config,system_attrs_tpe:relative_params:0,state
23,0.612552762729199,2026-10-08 12:47:08.476896,2026-10-08 12:47:20.535369,0 days 00:00:12.058473,0.9202359196760538,0.037404936680315276,500,0.43226556465026117,300,31,balanced,razoes,0.6082767621002498,0.31980782617496845,0.8082464336977581,"{'id': 'lightgbm_23', 'tipo': 'optuna', 'modelo': 'LightGBM', 'pistas': 'razoes', 'pesos': 'balanced', 'parametros': {'n_estimators': 300, 'learning_rate': 0.037404936680315276, 'reg_alpha': 0.6082767621002498, 'reg_lambda': 0.31980782617496845, 'subsample': 0.8082464336977581, 'colsample_bytree': 0.9202359196760538, 'num_leaves': 31, 'min_child_samples': 500, 'min_split_gain': 0.43226556465026117, 'subsample_freq': 1}}","{""colsample_bytree"": 0.9202359196760538, ""learning_rate"": 0.037404936680315276, ""min_child_samples"": 500, ""min_split_gain"": 0.43226556465026117, ""n_estimators"": 300, ""num_leaves"": 31, ""pesos"": ""balanced"", ""pistas"": ""razoes"", ""reg_alpha"": 0.6082767621002498, ""reg_lambda"": 0.31980782617496845, ""subsample"": 0.8082464336977581}",COMPLETE
