number,value,datetime_start,datetime_complete,duration,params_colsample_bytree,params_learning_rate,params_min_child_samples,params_min_split_gain,params_n_estimators,params_num_leaves,params_pesos,params_pistas,params_reg_alpha,params_reg_lambda,params_subsample,user_attrs_config,system_attrs_tpe:relative_params:0,state
0,0.6018333360813981,2026-10-08 12:41:38.090811,2026-10-08 12:41:45.246333,0 days 00:00:07.155522,0.7045980821176709,0.1358198535217987,50,0.48495492608099716,400,15,balanced,originais,0.8471801418819978,6.2513735745217485,0.7046065241548528,"{'id': 'lightgbm_00', 'tipo': 'optuna', 'modelo': 'LightGBM', 'pistas': 'originais', 'pesos': 'balanced', 'parametros': {'n_estimators': 400, 'learning_rate': 0.1358198535217987, 'reg_alpha': 0.8471801418819978, 'reg_lambda': 6.2513735745217485, 'subsample': 0.7046065241548528, 'colsample_bytree': 0.7045980821176709, 'num_leaves': 15, 'min_child_samples': 50, 'min_split_gain': 0.48495492608099716, 'subsample_freq': 1}}",,COMPLETE
1,0.6129635261660696,2026-10-08 12:41:45.253874,2026-10-08 12:41:59.693475,0 days 00:00:14.439601,0.7522506269873264,0.047753845433560704,300,0.29620728443102123,500,31,balanced,razoes,0.014618962793704957,6.847920095574778,0.6988228512282146,"{'id': 'lightgbm_01', 'tipo': 'optuna', 'modelo': 'LightGBM', 'pistas': 'razoes', 'pesos': 'balanced', 'parametros': {'n_estimators': 500, 'learning_rate': 0.047753845433560704, 'reg_alpha': 0.014618962793704957, 'reg_lambda': 6.847920095574778, 'subsample': 0.6988228512282146, 'colsample_bytree': 0.7522506269873264, 'num_leaves': 31, 'min_child_samples': 300, 'min_split_gain': 0.29620728443102123, 'subsample_freq': 1}}",,COMPLETE
2,0.6006478528972797,2026-10-08 12:41:59.700605,2026-10-08 12:42:23.969737,0 days 00:00:24.269132,0.8040533728088605,0.10195938340531947,150,0.331261142176991,800,63,balanced,dispersao,0.01653693718282442,0.1963434157293333,0.8894815592792549,"{'id': 'lightgbm_02', 'tipo': 'optuna', 'modelo': 'LightGBM', 'pistas': 'dispersao', 'pesos': 'balanced', 'parametros': {'n_estimators': 800, 'learning_rate': 0.10195938340531947, 'reg_alpha': 0.01653693718282442, 'reg_lambda': 0.1963434157293333, 'subsample': 0.8894815592792549, 'colsample_bytree': 0.8040533728088605, 'num_leaves': 63, 'min_child_samples': 150, 'min_split_gain': 0.331261142176991, 'subsample_freq': 1}}",,COMPLETE
3,0.6108021647206582,2026-10-08 12:42:23.976015,2026-10-08 12:42:37.806985,0 days 00:00:13.830970,0.6809723757181718,0.13278503317665077,150,0.41436875457596467,700,63,balanced,dispersao,3.7958531426706403,6.218704727769076,0.9726559822580909,"{'id': 'lightgbm_03', 'tipo': 'optuna', 'modelo': 'LightGBM', 'pistas': 'dispersao', 'pesos': 'balanced', 'parametros': {'n_estimators': 700, 'learning_rate': 0.13278503317665077, 'reg_alpha': 3.7958531426706403, 'reg_lambda': 6.218704727769076, 'subsample': 0.9726559822580909, 'colsample_bytree': 0.6809723757181718, 'num_leaves': 63, 'min_child_samples': 150, 'min_split_gain': 0.41436875457596467, 'subsample_freq': 1}}",,COMPLETE
4,0.5991121235939053,2026-10-08 12:42:37.813448,2026-10-08 12:42:43.834491,0 days 00:00:06.021043,0.935411499959192,0.14608866662799525,200,0.05793452976256486,200,31,balanced,originais,1.2273800987852967,0.39459088111,0.6519327409932608,"{'id': 'lightgbm_04', 'tipo': 'optuna', 'modelo': 'LightGBM', 'pistas': 'originais', 'pesos': 'balanced', 'parametros': {'n_estimators': 200, 'learning_rate': 0.14608866662799525, 'reg_alpha': 1.2273800987852967, 'reg_lambda': 0.39459088111, 'subsample': 0.6519327409932608, 'colsample_bytree': 0.935411499959192, 'num_leaves': 31, 'min_child_samples': 200, 'min_split_gain': 0.05793452976256486, 'subsample_freq': 1}}",,COMPLETE
5,0.6085373407912055,2026-10-08 12:42:43.841791,2026-10-08 12:42:55.777633,0 days 00:00:11.935842,0.6918579860784057,0.0869921570807341,250,0.26136641469099703,400,63,balanced,originais,0.35500125258511606,45.88156549160973,0.8152752238066823,"{'id': 'lightgbm_05', 'tipo': 'optuna', 'modelo': 'LightGBM', 'pistas': 'originais', 'pesos': 'balanced', 'parametros': {'n_estimators': 400, 'learning_rate': 0.0869921570807341, 'reg_alpha': 0.35500125258511606, 'reg_lambda': 45.88156549160973, 'subsample': 0.8152752238066823, 'colsample_bytree': 0.6918579860784057, 'num_leaves': 63, 'min_child_samples': 250, 'min_split_gain': 0.26136641469099703, 'subsample_freq': 1}}",,COMPLETE
6,0.6167558902667927,2026-10-08 12:42:55.784208,2026-10-08 12:43:08.267983,0 days 00:00:12.483775,0.914442898490067,0.05572633831152022,500,0.4040601897822085,400,31,balanced,razoes,4.268407710065496,0.5595986878006082,0.7936340230624704,"{'id': 'lightgbm_06', 'tipo': 'optuna', 'modelo': 'LightGBM', 'pistas': 'razoes', 'pesos': 'balanced', 'parametros': {'n_estimators': 400, 'learning_rate': 0.05572633831152022, 'reg_alpha': 4.268407710065496, 'reg_lambda': 0.5595986878006082, 'subsample': 0.7936340230624704, 'colsample_bytree': 0.914442898490067, 'num_leaves': 31, 'min_child_samples': 500, 'min_split_gain': 0.4040601897822085, 'subsample_freq': 1}}",,COMPLETE
7,0.6153651231710426,2026-10-08 12:43:08.274151,2026-10-08 12:43:22.674646,0 days 00:00:14.400495,0.7297773068896796,0.10176292884854099,300,0.2087055015743895,500,31,,dispersao,3.840300419098857,0.8995191735587166,0.6885181735846869,"{'id': 'lightgbm_07', 'tipo': 'optuna', 'modelo': 'LightGBM', 'pistas': 'dispersao', 'pesos': None, 'parametros': {'n_estimators': 500, 'learning_rate': 0.10176292884854099, 'reg_alpha': 3.840300419098857, 'reg_lambda': 0.8995191735587166, 'subsample': 0.6885181735846869, 'colsample_bytree': 0.7297773068896796, 'num_leaves': 31, 'min_child_samples': 300, 'min_split_gain': 0.2087055015743895, 'subsample_freq': 1}}",,COMPLETE
8,0.6107028928922332,2026-10-08 12:43:22.680060,2026-10-08 12:43:40.015836,0 days 00:00:17.335776,0.7226468959365265,0.04037929930840412,400,0.44511151921751685,600,31,balanced,razoes,0.172774342367683,3.2331823004209204,0.9134232696139593,"{'id': 'lightgbm_08', 'tipo': 'optuna', 'modelo': 'LightGBM', 'pistas': 'razoes', 'pesos': 'balanced', 'parametros': {'n_estimators': 600, 'learning_rate': 0.04037929930840412, 'reg_alpha': 0.172774342367683, 'reg_lambda': 3.2331823004209204, 'subsample': 0.9134232696139593, 'colsample_bytree': 0.7226468959365265, 'num_leaves': 31, 'min_child_samples': 400, 'min_split_gain': 0.44511151921751685, 'subsample_freq': 1}}","{""colsample_bytree"": 0.7226468959365265, ""learning_rate"": 0.04037929930840412, ""min_child_samples"": 400, ""min_split_gain"": 0.44511151921751685, ""n_estimators"": 600, ""num_leaves"": 31, ""pesos"": ""balanced"", ""pistas"": ""razoes"", ""reg_alpha"": 0.172774342367683, ""reg_lambda"": 3.2331823004209204, ""subsample"": 0.9134232696139593}",COMPLETE
9,0.6064382766512226,2026-10-08 12:43:40.021734,2026-10-08 12:43:58.345936,0 days 00:00:18.324202,0.9447374781199855,0.11390989435477142,350,0.4968133936641526,800,31,balanced,razoes,2.8223694515444877,6.956626736598459,0.9090051995254007,"{'id': 'lightgbm_09', 'tipo': 'optuna', 'modelo': 'LightGBM', 'pistas': 'razoes', 'pesos': 'balanced', 'parametros': {'n_estimators': 800, 'learning_rate': 0.11390989435477142, 'reg_alpha': 2.8223694515444877, 'reg_lambda': 6.956626736598459, 'subsample': 0.9090051995254007, 'colsample_bytree': 0.9447374781199855, 'num_leaves': 31, 'min_child_samples': 350, 'min_split_gain': 0.4968133936641526, 'subsample_freq': 1}}","{""colsample_bytree"": 0.9447374781199855, ""learning_rate"": 0.11390989435477142, ""min_child_samples"": 350, ""min_split_gain"": 0.4968133936641526, ""n_estimators"": 800, ""num_leaves"": 31, ""pesos"": ""balanced"", ""pistas"": ""razoes"", ""reg_alpha"": 2.8223694515444877, ""reg_lambda"": 6.956626736598459, ""subsample"": 0.9090051995254007}",COMPLETE
10,0.6153913321564684,2026-10-08 12:43:58.353171,2026-10-08 12:44:17.381455,0 days 00:00:19.028284,0.9771962853074349,0.03554328040096323,400,0.3312536320629805,600,31,balanced,razoes,0.08686022556375615,11.077768535492035,0.7244734142035372,"{'id': 'lightgbm_10', 'tipo': 'optuna', 'modelo': 'LightGBM', 'pistas': 'razoes', 'pesos': 'balanced', 'parametros': {'n_estimators': 600, 'learning_rate': 0.03554328040096323, 'reg_alpha': 0.08686022556375615, 'reg_lambda': 11.077768535492035, 'subsample': 0.7244734142035372, 'colsample_bytree': 0.9771962853074349, 'num_leaves': 31, 'min_child_samples': 400, 'min_split_gain': 0.3312536320629805, 'subsample_freq': 1}}","{""colsample_bytree"": 0.9771962853074349, ""learning_rate"": 0.03554328040096323, ""min_child_samples"": 400, ""min_split_gain"": 0.3312536320629805, ""n_estimators"": 600, ""num_leaves"": 31, ""pesos"": ""balanced"", ""pistas"": ""razoes"", ""reg_alpha"": 0.08686022556375615, ""reg_lambda"": 11.077768535492035, ""subsample"": 0.7244734142035372}",COMPLETE
11,0.6147836081431194,2026-10-08 12:44:17.387263,2026-10-08 12:44:31.962700,0 days 00:00:14.575437,0.8750261508119935,0.05137892117186347,500,0.41734714034660675,500,31,balanced,razoes,5.065984939892199,6.561040884627837,0.7972990780813431,"{'id': 'lightgbm_11', 'tipo': 'optuna', 'modelo': 'LightGBM', 'pistas': 'razoes', 'pesos': 'balanced', 'parametros': {'n_estimators': 500, 'learning_rate': 0.05137892117186347, 'reg_alpha': 5.065984939892199, 'reg_lambda': 6.561040884627837, 'subsample': 0.7972990780813431, 'colsample_bytree': 0.8750261508119935, 'num_leaves': 31, 'min_child_samples': 500, 'min_split_gain': 0.41734714034660675, 'subsample_freq': 1}}","{""colsample_bytree"": 0.8750261508119935, ""learning_rate"": 0.05137892117186347, ""min_child_samples"": 500, ""min_split_gain"": 0.41734714034660675, ""n_estimators"": 500, ""num_leaves"": 31, ""pesos"": ""balanced"", ""pistas"": ""razoes"", ""reg_alpha"": 5.065984939892199, ""reg_lambda"": 6.561040884627837, ""subsample"": 0.7972990780813431}",COMPLETE
12,0.6126369553446415,2026-10-08 12:44:31.968438,2026-10-08 12:44:50.325380,0 days 00:00:18.356942,0.924750380421049,0.032615064905632735,500,0.36103952683305557,600,31,balanced,razoes,0.014472385543618663,30.087813260118676,0.7490896268590864,"{'id': 'lightgbm_12', 'tipo': 'optuna', 'modelo': 'LightGBM', 'pistas': 'razoes', 'pesos': 'balanced', 'parametros': {'n_estimators': 600, 'learning_rate': 0.032615064905632735, 'reg_alpha': 0.014472385543618663, 'reg_lambda': 30.087813260118676, 'subsample': 0.7490896268590864, 'colsample_bytree': 0.924750380421049, 'num_leaves': 31, 'min_child_samples': 500, 'min_split_gain': 0.36103952683305557, 'subsample_freq': 1}}","{""colsample_bytree"": 0.924750380421049, ""learning_rate"": 0.032615064905632735, ""min_child_samples"": 500, ""min_split_gain"": 0.36103952683305557, ""n_estimators"": 600, ""num_leaves"": 31, ""pesos"": ""balanced"", ""pistas"": ""razoes"", ""reg_alpha"": 0.014472385543618663, ""reg_lambda"": 30.087813260118676, ""subsample"": 0.7490896268590864}",COMPLETE
13,0.6150804287512447,2026-10-08 12:44:50.331836,2026-10-08 12:44:58.757627,0 days 00:00:08.425791,0.9608954655124385,0.06235781756531906,300,0.43215244878169057,200,31,balanced,razoes,0.03975407310210085,0.5312844310887754,0.8000981736265841,"{'id': 'lightgbm_13', 'tipo': 'optuna', 'modelo': 'LightGBM', 'pistas': 'razoes', 'pesos': 'balanced', 'parametros': {'n_estimators': 200, 'learning_rate': 0.06235781756531906, 'reg_alpha': 0.03975407310210085, 'reg_lambda': 0.5312844310887754, 'subsample': 0.8000981736265841, 'colsample_bytree': 0.9608954655124385, 'num_leaves': 31, 'min_child_samples': 300, 'min_split_gain': 0.43215244878169057, 'subsample_freq': 1}}","{""colsample_bytree"": 0.9608954655124385, ""learning_rate"": 0.06235781756531906, ""min_child_samples"": 300, ""min_split_gain"": 0.43215244878169057, ""n_estimators"": 200, ""num_leaves"": 31, ""pesos"": ""balanced"", ""pistas"": ""razoes"", ""reg_alpha"": 0.03975407310210085, ""reg_lambda"": 0.5312844310887754, ""subsample"": 0.8000981736265841}",COMPLETE
14,0.60217120374688,2026-10-08 12:44:58.764330,2026-10-08 12:45:16.591887,0 days 00:00:17.827557,0.9437465208899538,0.05284845534751321,450,0.3899783151565928,600,31,balanced,razoes,0.1946879450913729,1.3714362799512856,0.7039310385508096,"{'id': 'lightgbm_14', 'tipo': 'optuna', 'modelo': 'LightGBM', 'pistas': 'razoes', 'pesos': 'balanced', 'parametros': {'n_estimators': 600, 'learning_rate': 0.05284845534751321, 'reg_alpha': 0.1946879450913729, 'reg_lambda': 1.3714362799512856, 'subsample': 0.7039310385508096, 'colsample_bytree': 0.9437465208899538, 'num_leaves': 31, 'min_child_samples': 450, 'min_split_gain': 0.3899783151565928, 'subsample_freq': 1}}","{""colsample_bytree"": 0.9437465208899538, ""learning_rate"": 0.05284845534751321, ""min_child_samples"": 450, ""min_split_gain"": 0.3899783151565928, ""n_estimators"": 600, ""num_leaves"": 31, ""pesos"": ""balanced"", ""pistas"": ""razoes"", ""reg_alpha"": 0.1946879450913729, ""reg_lambda"": 1.3714362799512856, ""subsample"": 0.7039310385508096}",COMPLETE
15,0.616008004495908,2026-10-08 12:45:16.599063,2026-10-08 12:45:29.019642,0 days 00:00:12.420579,0.8651180080568772,0.026428143015926293,450,0.2828264887826684,400,31,balanced,razoes,1.358092809578985,3.008517032208385,0.6519183108886333,"{'id': 'lightgbm_15', 'tipo': 'optuna', 'modelo': 'LightGBM', 'pistas': 'razoes', 'pesos': 'balanced', 'parametros': {'n_estimators': 400, 'learning_rate': 0.026428143015926293, 'reg_alpha': 1.358092809578985, 'reg_lambda': 3.008517032208385, 'subsample': 0.6519183108886333, 'colsample_bytree': 0.8651180080568772, 'num_leaves': 31, 'min_child_samples': 450, 'min_split_gain': 0.2828264887826684, 'subsample_freq': 1}}","{""colsample_bytree"": 0.8651180080568772, ""learning_rate"": 0.026428143015926293, ""min_child_samples"": 450, ""min_split_gain"": 0.2828264887826684, ""n_estimators"": 400, ""num_leaves"": 31, ""pesos"": ""balanced"", ""pistas"": ""razoes"", ""reg_alpha"": 1.358092809578985, ""reg_lambda"": 3.008517032208385, ""subsample"": 0.6519183108886333}",COMPLETE
16,0.6143607003946893,2026-10-08 12:45:29.026170,2026-10-08 12:45:47.043732,0 days 00:00:18.017562,0.9290784359463119,0.04123200014741321,450,0.24546361507913847,600,31,balanced,razoes,4.742831432824409,0.5621100846805608,0.7590401760135095,"{'id': 'lightgbm_16', 'tipo': 'optuna', 'modelo': 'LightGBM', 'pistas': 'razoes', 'pesos': 'balanced', 'parametros': {'n_estimators': 600, 'learning_rate': 0.04123200014741321, 'reg_alpha': 4.742831432824409, 'reg_lambda': 0.5621100846805608, 'subsample': 0.7590401760135095, 'colsample_bytree': 0.9290784359463119, 'num_leaves': 31, 'min_child_samples': 450, 'min_split_gain': 0.24546361507913847, 'subsample_freq': 1}}","{""colsample_bytree"": 0.9290784359463119, ""learning_rate"": 0.04123200014741321, ""min_child_samples"": 450, ""min_split_gain"": 0.24546361507913847, ""n_estimators"": 600, ""num_leaves"": 31, ""pesos"": ""balanced"", ""pistas"": ""razoes"", ""reg_alpha"": 4.742831432824409, ""reg_lambda"": 0.5621100846805608, ""subsample"": 0.7590401760135095}",COMPLETE
17,0.6085063130965169,2026-10-08 12:45:47.050632,2026-10-08 12:45:59.586196,0 days 00:00:12.535564,0.8960292552257103,0.07757343624768633,450,0.2784097748808679,400,31,balanced,razoes,0.7718125326149388,1.9330581484640341,0.731253811946628,"{'id': 'lightgbm_17', 'tipo': 'optuna', 'modelo': 'LightGBM', 'pistas': 'razoes', 'pesos': 'balanced', 'parametros': {'n_estimators': 400, 'learning_rate': 0.07757343624768633, 'reg_alpha': 0.7718125326149388, 'reg_lambda': 1.9330581484640341, 'subsample': 0.731253811946628, 'colsample_bytree': 0.8960292552257103, 'num_leaves': 31, 'min_child_samples': 450, 'min_split_gain': 0.2784097748808679, 'subsample_freq': 1}}","{""colsample_bytree"": 0.8960292552257103, ""learning_rate"": 0.07757343624768633, ""min_child_samples"": 450, ""min_split_gain"": 0.2784097748808679, ""n_estimators"": 400, ""num_leaves"": 31, ""pesos"": ""balanced"", ""pistas"": ""razoes"", ""reg_alpha"": 0.7718125326149388, ""reg_lambda"": 1.9330581484640341, ""subsample"": 0.731253811946628}",COMPLETE
18,0.6133489093771289,2026-10-08 12:45:59.595087,2026-10-08 12:46:11.352274,0 days 00:00:11.757187,0.8169207207478664,0.0393096570090875,500,0.29697403488206864,400,31,balanced,razoes,3.714442988154799,0.4931490136015842,0.6737372412655844,"{'id': 'lightgbm_18', 'tipo': 'optuna', 'modelo': 'LightGBM', 'pistas': 'razoes', 'pesos': 'balanced', 'parametros': {'n_estimators': 400, 'learning_rate': 0.0393096570090875, 'reg_alpha': 3.714442988154799, 'reg_lambda': 0.4931490136015842, 'subsample': 0.6737372412655844, 'colsample_bytree': 0.8169207207478664, 'num_leaves': 31, 'min_child_samples': 500, 'min_split_gain': 0.29697403488206864, 'subsample_freq': 1}}","{""colsample_bytree"": 0.8169207207478664, ""learning_rate"": 0.0393096570090875, ""min_child_samples"": 500, ""min_split_gain"": 0.29697403488206864, ""n_estimators"": 400, ""num_leaves"": 31, ""pesos"": ""balanced"", ""pistas"": ""razoes"", ""reg_alpha"": 3.714442988154799, ""reg_lambda"": 0.4931490136015842, ""subsample"": 0.6737372412655844}",COMPLETE
19,0.6057870791700324,2026-10-08 12:46:11.359542,2026-10-08 12:46:21.583874,0 days 00:00:10.224332,0.9076872059938977,0.10635367458029833,450,0.4070460882787505,300,31,balanced,razoes,1.8595715738731515,0.19271119445088147,0.7779221976019741,"{'id': 'lightgbm_19', 'tipo': 'optuna', 'modelo': 'LightGBM', 'pistas': 'razoes', 'pesos': 'balanced', 'parametros': {'n_estimators': 300, 'learning_rate': 0.10635367458029833, 'reg_alpha': 1.8595715738731515, 'reg_lambda': 0.19271119445088147, 'subsample': 0.7779221976019741, 'colsample_bytree': 0.9076872059938977, 'num_leaves': 31, 'min_child_samples': 450, 'min_split_gain': 0.4070460882787505, 'subsample_freq': 1}}","{""colsample_bytree"": 0.9076872059938977, ""learning_rate"": 0.10635367458029833, ""min_child_samples"": 450, ""min_split_gain"": 0.4070460882787505, ""n_estimators"": 300, ""num_leaves"": 31, ""pesos"": ""balanced"", ""pistas"": ""razoes"", ""reg_alpha"": 1.8595715738731515, ""reg_lambda"": 0.19271119445088147, ""subsample"": 0.7779221976019741}",COMPLETE
20,0.6068734220273891,2026-10-08 12:46:21.591093,2026-10-08 12:46:38.751836,0 days 00:00:17.160743,0.8496931137465139,0.053926295298620884,350,0.44134417324481473,600,31,balanced,razoes,0.2592392005340883,1.2109122039808886,0.7732995301904064,"{'id': 'lightgbm_20', 'tipo': 'optuna', 'modelo': 'LightGBM', 'pistas': 'razoes', 'pesos': 'balanced', 'parametros': {'n_estimators': 600, 'learning_rate': 0.053926295298620884, 'reg_alpha': 0.2592392005340883, 'reg_lambda': 1.2109122039808886, 'subsample': 0.7732995301904064, 'colsample_bytree': 0.8496931137465139, 'num_leaves': 31, 'min_child_samples': 350, 'min_split_gain': 0.44134417324481473, 'subsample_freq': 1}}","{""colsample_bytree"": 0.8496931137465139, ""learning_rate"": 0.053926295298620884, ""min_child_samples"": 350, ""min_split_gain"": 0.44134417324481473, ""n_estimators"": 600, ""num_leaves"": 31, ""pesos"": ""balanced"", ""pistas"": ""razoes"", ""reg_alpha"": 0.2592392005340883, ""reg_lambda"": 1.2109122039808886, ""subsample"": 0.7732995301904064}",COMPLETE
21,0.6146616357759385,2026-10-08 12:46:38.758705,2026-10-08 12:46:56.303682,0 days 00:00:17.544977,0.932629480600783,0.021785356601139526,400,0.39793571370715497,600,31,balanced,razoes,5.476363053012425,9.822078589316172,0.7069016428147514,"{'id': 'lightgbm_21', 'tipo': 'optuna', 'modelo': 'LightGBM', 'pistas': 'razoes', 'pesos': 'balanced', 'parametros': {'n_estimators': 600, 'learning_rate': 0.021785356601139526, 'reg_alpha': 5.476363053012425, 'reg_lambda': 9.822078589316172, 'subsample': 0.7069016428147514, 'colsample_bytree': 0.932629480600783, 'num_leaves': 31, 'min_child_samples': 400, 'min_split_gain': 0.39793571370715497, 'subsample_freq': 1}}","{""colsample_bytree"": 0.932629480600783, ""learning_rate"": 0.021785356601139526, ""min_child_samples"": 400, ""min_split_gain"": 0.39793571370715497, ""n_estimators"": 600, ""num_leaves"": 31, ""pesos"": ""balanced"", ""pistas"": ""razoes"", ""reg_alpha"": 5.476363053012425, ""reg_lambda"": 9.822078589316172, ""subsample"": 0.7069016428147514}",COMPLETE
22,0.611702948092268,2026-10-08 12:46:56.309411,2026-10-08 12:47:08.468671,0 days 00:00:12.159260,0.8700757342044046,0.07105706455738137,450,0.45840604576465327,400,31,balanced,razoes,2.6301785340052306,0.21108309675963072,0.7241504290461763,"{'id': 'lightgbm_22', 'tipo': 'optuna', 'modelo': 'LightGBM', 'pistas': 'razoes', 'pesos': 'balanced', 'parametros': {'n_estimators': 400, 'learning_rate': 0.07105706455738137, 'reg_alpha': 2.6301785340052306, 'reg_lambda': 0.21108309675963072, 'subsample': 0.7241504290461763, 'colsample_bytree': 0.8700757342044046, 'num_leaves': 31, 'min_child_samples': 450, 'min_split_gain': 0.45840604576465327, 'subsample_freq': 1}}","{""colsample_bytree"": 0.8700757342044046, ""learning_rate"": 0.07105706455738137, ""min_child_samples"": 450, ""min_split_gain"": 0.45840604576465327, ""n_estimators"": 400, ""num_leaves"": 31, ""pesos"": ""balanced"", ""pistas"": ""razoes"", ""reg_alpha"": 2.6301785340052306, ""reg_lambda"": 0.21108309675963072, ""subsample"": 0.7241504290461763}",COMPLETE
