number,value,datetime_start,datetime_complete,duration,params_colsample_bytree,params_gamma,params_learning_rate,params_max_depth,params_min_child_weight,params_n_estimators,params_pesos,params_pistas,params_reg_alpha,params_reg_lambda,params_subsample,user_attrs_config,system_attrs_tpe:relative_params:0,state
0,0.6121721239755653,2026-10-08 12:47:20.587071,2026-10-08 12:47:30.331805,0 days 00:00:09.744734,0.7045980821176709,3.005575058716044,0.1358198535217987,2,53.99484409787433,400,,dispersao,0.8471801418819978,6.2513735745217485,0.7046065241548528,"{'id': 'xgboost_00', 'tipo': 'optuna', 'modelo': 'XGBoost', 'pistas': 'dispersao', 'pesos': None, 'parametros': {'n_estimators': 400, 'learning_rate': 0.1358198535217987, 'reg_alpha': 0.8471801418819978, 'reg_lambda': 6.2513735745217485, 'subsample': 0.7046065241548528, 'colsample_bytree': 0.7045980821176709, 'max_depth': 2, 'min_child_weight': 53.99484409787433, 'gamma': 3.005575058716044}}",,COMPLETE
1,0.5970945125167179,2026-10-08 12:47:30.338461,2026-10-08 12:47:42.408129,0 days 00:00:12.069668,0.7519301990693147,1.4607232426760908,0.028941442788596318,5,1.9010245319870354,300,balanced,dispersao,0.016480446427978974,3.752055855124281,0.8011807565247405,"{'id': 'xgboost_01', 'tipo': 'optuna', 'modelo': 'XGBoost', 'pistas': 'dispersao', 'pesos': 'balanced', 'parametros': {'n_estimators': 300, 'learning_rate': 0.028941442788596318, 'reg_alpha': 0.016480446427978974, 'reg_lambda': 3.752055855124281, 'subsample': 0.8011807565247405, 'colsample_bytree': 0.7519301990693147, 'max_depth': 5, 'min_child_weight': 1.9010245319870354, 'gamma': 1.4607232426760908}}",,COMPLETE
2,0.6098138029114932,2026-10-08 12:47:42.414707,2026-10-08 12:48:06.638315,0 days 00:00:24.223608,0.9821099380386666,1.5230688458668533,0.021962256150304792,7,41.380401125610156,600,balanced,razoes,0.26926469100861794,0.32476735706274484,0.6727680575448478,"{'id': 'xgboost_02', 'tipo': 'optuna', 'modelo': 'XGBoost', 'pistas': 'razoes', 'pesos': 'balanced', 'parametros': {'n_estimators': 600, 'learning_rate': 0.021962256150304792, 'reg_alpha': 0.26926469100861794, 'reg_lambda': 0.32476735706274484, 'subsample': 0.6727680575448478, 'colsample_bytree': 0.9821099380386666, 'max_depth': 7, 'min_child_weight': 41.380401125610156, 'gamma': 1.5230688458668533}}",,COMPLETE
3,0.6035360535058114,2026-10-08 12:48:06.644875,2026-10-08 12:48:14.192183,0 days 00:00:07.547308,0.8320238074122338,4.847923138822793,0.12495137958834718,5,2.3426581058204037,200,balanced,razoes,0.010842262717330166,9.717775305059629,0.7590988766312938,"{'id': 'xgboost_03', 'tipo': 'optuna', 'modelo': 'XGBoost', 'pistas': 'razoes', 'pesos': 'balanced', 'parametros': {'n_estimators': 200, 'learning_rate': 0.12495137958834718, 'reg_alpha': 0.010842262717330166, 'reg_lambda': 9.717775305059629, 'subsample': 0.7590988766312938, 'colsample_bytree': 0.8320238074122338, 'max_depth': 5, 'min_child_weight': 2.3426581058204037, 'gamma': 4.847923138822793}}",,COMPLETE
4,0.6136999697958155,2026-10-08 12:48:14.197973,2026-10-08 12:48:25.560772,0 days 00:00:11.362799,0.7449721611208636,1.4046725484369038,0.029684313313571024,6,5.170191786366991,200,balanced,dispersao,0.0015167330688076208,0.946217535646149,0.7860370513913187,"{'id': 'xgboost_04', 'tipo': 'optuna', 'modelo': 'XGBoost', 'pistas': 'dispersao', 'pesos': 'balanced', 'parametros': {'n_estimators': 200, 'learning_rate': 0.029684313313571024, 'reg_alpha': 0.0015167330688076208, 'reg_lambda': 0.946217535646149, 'subsample': 0.7860370513913187, 'colsample_bytree': 0.7449721611208636, 'max_depth': 6, 'min_child_weight': 5.170191786366991, 'gamma': 1.4046725484369038}}",,COMPLETE
5,0.6119717946127198,2026-10-08 12:48:25.567376,2026-10-08 12:48:53.228059,0 days 00:00:27.660683,0.9051525088143455,1.7923286427213632,0.029848216834193905,6,1.4063366777718171,700,,razoes,0.0010521761868451127,27.95015916508335,0.897400070346666,"{'id': 'xgboost_05', 'tipo': 'optuna', 'modelo': 'XGBoost', 'pistas': 'razoes', 'pesos': None, 'parametros': {'n_estimators': 700, 'learning_rate': 0.029848216834193905, 'reg_alpha': 0.0010521761868451127, 'reg_lambda': 27.95015916508335, 'subsample': 0.897400070346666, 'colsample_bytree': 0.9051525088143455, 'max_depth': 6, 'min_child_weight': 1.4063366777718171, 'gamma': 1.7923286427213632}}",,COMPLETE
6,0.6109229121694894,2026-10-08 12:48:53.234172,2026-10-08 12:49:01.619555,0 days 00:00:08.385383,0.8152752238066823,3.803925243084487,0.03851104685115368,2,26.6986667427446,400,,razoes,0.8287522363768158,8.178476574339538,0.9605244599017143,"{'id': 'xgboost_06', 'tipo': 'optuna', 'modelo': 'XGBoost', 'pistas': 'razoes', 'pesos': None, 'parametros': {'n_estimators': 400, 'learning_rate': 0.03851104685115368, 'reg_alpha': 0.8287522363768158, 'reg_lambda': 8.178476574339538, 'subsample': 0.9605244599017143, 'colsample_bytree': 0.8152752238066823, 'max_depth': 2, 'min_child_weight': 26.6986667427446, 'gamma': 3.803925243084487}}",,COMPLETE
7,0.6068826705496403,2026-10-08 12:49:01.625991,2026-10-08 12:49:11.441977,0 days 00:00:09.815986,0.8279997419076459,2.0519146151781484,0.024856593160785395,7,3.1519872951938885,200,,originais,0.0013357240411974098,8.113929572637838,0.7600245933767144,"{'id': 'xgboost_07', 'tipo': 'optuna', 'modelo': 'XGBoost', 'pistas': 'originais', 'pesos': None, 'parametros': {'n_estimators': 200, 'learning_rate': 0.024856593160785395, 'reg_alpha': 0.0013357240411974098, 'reg_lambda': 8.113929572637838, 'subsample': 0.7600245933767144, 'colsample_bytree': 0.8279997419076459, 'max_depth': 7, 'min_child_weight': 3.1519872951938885, 'gamma': 2.0519146151781484}}",,COMPLETE
8,0.6069779087835799,2026-10-08 12:49:11.448173,2026-10-08 12:49:34.439484,0 days 00:00:22.991311,0.7636605220456928,1.4325557665891326,0.09404054568366012,7,15.625882819274405,700,balanced,dispersao,0.0021044689170134677,1.515904980264463,0.917794788786485,"{'id': 'xgboost_08', 'tipo': 'optuna', 'modelo': 'XGBoost', 'pistas': 'dispersao', 'pesos': 'balanced', 'parametros': {'n_estimators': 700, 'learning_rate': 0.09404054568366012, 'reg_alpha': 0.0021044689170134677, 'reg_lambda': 1.515904980264463, 'subsample': 0.917794788786485, 'colsample_bytree': 0.7636605220456928, 'max_depth': 7, 'min_child_weight': 15.625882819274405, 'gamma': 1.4325557665891326}}","{""colsample_bytree"": 0.7636605220456928, ""gamma"": 1.4325557665891326, ""learning_rate"": 0.09404054568366012, ""max_depth"": 7, ""min_child_weight"": 15.625882819274405, ""n_estimators"": 700, ""pesos"": ""balanced"", ""pistas"": ""dispersao"", ""reg_alpha"": 0.0021044689170134677, ""reg_lambda"": 1.515904980264463, ""subsample"": 0.917794788786485}",COMPLETE
9,0.6135286195049676,2026-10-08 12:49:34.447556,2026-10-08 12:50:01.332151,0 days 00:00:26.884595,0.6727706286943571,3.6192759611916916,0.036022694561085505,7,5.034566179394126,700,balanced,dispersao,2.0040754342893123,0.49702687613111685,0.7238921930499029,"{'id': 'xgboost_09', 'tipo': 'optuna', 'modelo': 'XGBoost', 'pistas': 'dispersao', 'pesos': 'balanced', 'parametros': {'n_estimators': 700, 'learning_rate': 0.036022694561085505, 'reg_alpha': 2.0040754342893123, 'reg_lambda': 0.49702687613111685, 'subsample': 0.7238921930499029, 'colsample_bytree': 0.6727706286943571, 'max_depth': 7, 'min_child_weight': 5.034566179394126, 'gamma': 3.6192759611916916}}","{""colsample_bytree"": 0.6727706286943571, ""gamma"": 3.6192759611916916, ""learning_rate"": 0.036022694561085505, ""max_depth"": 7, ""min_child_weight"": 5.034566179394126, ""n_estimators"": 700, ""pesos"": ""balanced"", ""pistas"": ""dispersao"", ""reg_alpha"": 2.0040754342893123, ""reg_lambda"": 0.49702687613111685, ""subsample"": 0.7238921930499029}",COMPLETE
10,0.6130148548419735,2026-10-08 12:50:01.339173,2026-10-08 12:50:13.356690,0 days 00:00:12.017517,0.7059225533835015,0.5371500868337388,0.025032809948978826,6,26.697854347851063,200,balanced,dispersao,2.0912527179838873,3.9540453697819435,0.8216078046400692,"{'id': 'xgboost_10', 'tipo': 'optuna', 'modelo': 'XGBoost', 'pistas': 'dispersao', 'pesos': 'balanced', 'parametros': {'n_estimators': 200, 'learning_rate': 0.025032809948978826, 'reg_alpha': 2.0912527179838873, 'reg_lambda': 3.9540453697819435, 'subsample': 0.8216078046400692, 'colsample_bytree': 0.7059225533835015, 'max_depth': 6, 'min_child_weight': 26.697854347851063, 'gamma': 0.5371500868337388}}","{""colsample_bytree"": 0.7059225533835015, ""gamma"": 0.5371500868337388, ""learning_rate"": 0.025032809948978826, ""max_depth"": 6, ""min_child_weight"": 26.697854347851063, ""n_estimators"": 200, ""pesos"": ""balanced"", ""pistas"": ""dispersao"", ""reg_alpha"": 2.0912527179838873, ""reg_lambda"": 3.9540453697819435, ""subsample"": 0.8216078046400692}",COMPLETE
11,0.6086822909896343,2026-10-08 12:50:13.362526,2026-10-08 12:50:40.642673,0 days 00:00:27.280147,0.6514999930397365,2.9192304927905184,0.04307025217259128,6,13.475650719319562,700,balanced,dispersao,0.014958879681694707,0.835351017465757,0.745000975082013,"{'id': 'xgboost_11', 'tipo': 'optuna', 'modelo': 'XGBoost', 'pistas': 'dispersao', 'pesos': 'balanced', 'parametros': {'n_estimators': 700, 'learning_rate': 0.04307025217259128, 'reg_alpha': 0.014958879681694707, 'reg_lambda': 0.835351017465757, 'subsample': 0.745000975082013, 'colsample_bytree': 0.6514999930397365, 'max_depth': 6, 'min_child_weight': 13.475650719319562, 'gamma': 2.9192304927905184}}","{""colsample_bytree"": 0.6514999930397365, ""gamma"": 2.9192304927905184, ""learning_rate"": 0.04307025217259128, ""max_depth"": 6, ""min_child_weight"": 13.475650719319562, ""n_estimators"": 700, ""pesos"": ""balanced"", ""pistas"": ""dispersao"", ""reg_alpha"": 0.014958879681694707, ""reg_lambda"": 0.835351017465757, ""subsample"": 0.745000975082013}",COMPLETE
