number,value,datetime_start,datetime_complete,duration,params_learning_rate,params_max_depth,params_min_child_weight,params_n_estimators,user_attrs_resultado,system_attrs_tpe:relative_params:0,state
0,0.5513626853894524,2026-10-01 13:01:47.220307,2026-10-01 13:01:49.794595,0 days 00:00:02.574288,0.18214744423753768,5,6,200,"{'modelo': 'XGBoost', 'estrategia': 'Optuna', 'parametros': {'n_estimators': 200, 'learning_rate': 0.18214744423753768, 'max_depth': 5, 'min_child_weight': 6}, 'f1_treino': 0.7521610611499798, 'f1_validacao': 0.5513626853894524, 'desvio_f1': 0.05781459916803423, 'gap': 0.2007983757605274, 'tempo_s': 2.5422618000011425, 'ajuste_medio_s': 0.7284254233042399, 'f1_folds': [0.5003239241092087, 0.5215641173087981, 0.6322000147503504], 'validacao_precision': 0.6420174085169935, 'validacao_recall': 0.5048937671475836, 'validacao_acuracia': 0.7590354785017794, 'validacao_roc_auc': 0.7918702055113674, 'validacao_average_precision': 0.6232678107941562}",,COMPLETE
1,0.48496264395348837,2026-10-01 13:01:49.808808,2026-10-01 13:01:51.340892,0 days 00:00:01.532084,0.0403316977206044,2,9,150,"{'modelo': 'XGBoost', 'estrategia': 'Optuna', 'parametros': {'n_estimators': 150, 'learning_rate': 0.0403316977206044, 'max_depth': 2, 'min_child_weight': 9}, 'f1_treino': 0.5359728536569532, 'f1_validacao': 0.48496264395348837, 'desvio_f1': 0.0681370024183344, 'gap': 0.05101020970346487, 'tempo_s': 1.5089487000077497, 'ajuste_medio_s': 0.4105198383331299, 'f1_folds': [0.45419103313840153, 0.42126742999659905, 0.5794294687254645], 'validacao_precision': 0.6762557065102174, 'validacao_recall': 0.38832411464254896, 'validacao_acuracia': 0.7565620663558156, 'validacao_roc_auc': 0.7935755188006057, 'validacao_average_precision': 0.6101459139363686}",,COMPLETE
2,0.5307949476353014,2026-10-01 13:01:51.353733,2026-10-01 13:01:53.220323,0 days 00:00:01.866590,0.11494985844370333,2,10,250,"{'modelo': 'XGBoost', 'estrategia': 'Optuna', 'parametros': {'n_estimators': 250, 'learning_rate': 0.11494985844370333, 'max_depth': 2, 'min_child_weight': 10}, 'f1_treino': 0.5996396967268607, 'f1_validacao': 0.5307949476353014, 'desvio_f1': 0.06370985847099585, 'gap': 0.06884474909155924, 'tempo_s': 1.844047500009765, 'ajuste_medio_s': 0.5109095573425293, 'f1_folds': [0.4873202119606359, 0.4841884816753927, 0.6208761492698756], 'validacao_precision': 0.6630756147763089, 'validacao_recall': 0.4619022534373601, 'validacao_acuracia': 0.7609641282731058, 'validacao_roc_auc': 0.7977561669847959, 'validacao_average_precision': 0.6222535009269787}",,COMPLETE
3,0.5050408412087868,2026-10-01 13:01:53.233289,2026-10-01 13:01:55.356746,0 days 00:00:02.123457,0.04488170057528786,2,2,300,"{'modelo': 'XGBoost', 'estrategia': 'Optuna', 'parametros': {'n_estimators': 300, 'learning_rate': 0.04488170057528786, 'max_depth': 2, 'min_child_weight': 2}, 'f1_treino': 0.5739408768433915, 'f1_validacao': 0.5050408412087868, 'desvio_f1': 0.07156412238703275, 'gap': 0.06890003563460467, 'tempo_s': 2.0996019000012893, 'ajuste_medio_s': 0.5927857557932535, 'f1_folds': [0.4751636503658067, 0.43623786678567444, 0.6037210064748791], 'validacao_precision': 0.674628800304708, 'validacao_recall': 0.41928539273355786, 'validacao_acuracia': 0.7595584263796799, 'validacao_roc_auc': 0.7975153336711779, 'validacao_average_precision': 0.6203328699321312}",,COMPLETE
4,0.537700094343399,2026-10-01 13:01:55.368989,2026-10-01 13:01:57.615459,0 days 00:00:02.246470,0.08118441500491742,4,3,200,"{'modelo': 'XGBoost', 'estrategia': 'Optuna', 'parametros': {'n_estimators': 200, 'learning_rate': 0.08118441500491742, 'max_depth': 4, 'min_child_weight': 3}, 'f1_treino': 0.6472388700643193, 'f1_validacao': 0.537700094343399, 'desvio_f1': 0.06535843423103417, 'gap': 0.1095387757209203, 'tempo_s': 2.2241326000075787, 'ajuste_medio_s': 0.6307938098907471, 'f1_folds': [0.47809377401998465, 0.5063239906910857, 0.6286825183191267], 'validacao_precision': 0.6604502848205277, 'validacao_recall': 0.4782030080870068, 'validacao_acuracia': 0.7605565912259116, 'validacao_roc_auc': 0.7971464110470281, 'validacao_average_precision': 0.6213004317250564}",,COMPLETE
5,0.511256221920719,2026-10-01 13:01:57.628326,2026-10-01 13:02:00.000368,0 days 00:00:02.372042,0.039088721491346144,3,4,250,"{'modelo': 'XGBoost', 'estrategia': 'Optuna', 'parametros': {'n_estimators': 250, 'learning_rate': 0.039088721491346144, 'max_depth': 3, 'min_child_weight': 4}, 'f1_treino': 0.5911722074505018, 'f1_validacao': 0.511256221920719, 'desvio_f1': 0.07510736316019981, 'gap': 0.07991598552978285, 'tempo_s': 2.349895599996671, 'ajuste_medio_s': 0.6734606424967448, 'f1_folds': [0.4604514229636899, 0.4558760223848472, 0.6174412204136196], 'validacao_precision': 0.6679500611244334, 'validacao_recall': 0.43542350061323215, 'validacao_acuracia': 0.7583042401128878, 'validacao_roc_auc': 0.7970031237401547, 'validacao_average_precision': 0.6191720135817428}",,COMPLETE
6,0.5321635676230736,2026-10-01 13:02:00.013199,2026-10-01 13:02:01.686959,0 days 00:00:01.673760,0.13305603957582046,2,6,200,"{'modelo': 'XGBoost', 'estrategia': 'Optuna', 'parametros': {'n_estimators': 200, 'learning_rate': 0.13305603957582046, 'max_depth': 2, 'min_child_weight': 6}, 'f1_treino': 0.5978369641202572, 'f1_validacao': 0.5321635676230736, 'desvio_f1': 0.06290369774297473, 'gap': 0.06567339649718362, 'tempo_s': 1.647840499994345, 'ajuste_medio_s': 0.45149556795756024, 'f1_folds': [0.4876707132018209, 0.48769716088328074, 0.6211228287841191], 'validacao_precision': 0.6682602100495166, 'validacao_recall': 0.46142156630870906, 'validacao_acuracia': 0.7623762118347851, 'validacao_roc_auc': 0.7985052488644454, 'validacao_average_precision': 0.6242534912745893}",,COMPLETE
7,0.5344306946242016,2026-10-01 13:02:01.699868,2026-10-01 13:02:05.199964,0 days 00:00:03.500096,0.0327636407868471,5,2,250,"{'modelo': 'XGBoost', 'estrategia': 'Optuna', 'parametros': {'n_estimators': 250, 'learning_rate': 0.0327636407868471, 'max_depth': 5, 'min_child_weight': 2}, 'f1_treino': 0.638380387690865, 'f1_validacao': 0.5344306946242016, 'desvio_f1': 0.06484478040176193, 'gap': 0.10394969306666346, 'tempo_s': 3.4743455999996513, 'ajuste_medio_s': 1.031321128209432, 'f1_folds': [0.4812793258642153, 0.4962880097630428, 0.6257247482453464], 'validacao_precision': 0.660507612809924, 'validacao_recall': 0.4704997801299456, 'validacao_acuracia': 0.7605805416068204, 'validacao_roc_auc': 0.7972709605761789, 'validacao_average_precision': 0.6226976227388005}",,COMPLETE
8,0.5476363763775872,2026-10-01 13:02:05.213396,2026-10-01 13:02:07.711652,0 days 00:00:02.498256,0.18151659785390098,6,9,150,"{'modelo': 'XGBoost', 'estrategia': 'Optuna', 'parametros': {'n_estimators': 150, 'learning_rate': 0.18151659785390098, 'max_depth': 6, 'min_child_weight': 9}, 'f1_treino': 0.7652876439838341, 'f1_validacao': 0.5476363763775872, 'desvio_f1': 0.059216486672142084, 'gap': 0.21765126760624687, 'tempo_s': 2.4661104999977397, 'ajuste_medio_s': 0.7047908306121826, 'f1_folds': [0.4913849306137655, 0.5220338983050847, 0.6294903002139116], 'validacao_precision': 0.6353111577446798, 'validacao_recall': 0.5036820520520143, 'validacao_acuracia': 0.7561834095420839, 'validacao_roc_auc': 0.7900610772691805, 'validacao_average_precision': 0.620660006248385}",,COMPLETE
9,0.5285680983107394,2026-10-01 13:02:07.726442,2026-10-01 13:02:10.545053,0 days 00:00:02.818611,0.036107229235080446,5,5,200,"{'modelo': 'XGBoost', 'estrategia': 'Optuna', 'parametros': {'n_estimators': 200, 'learning_rate': 0.036107229235080446, 'max_depth': 5, 'min_child_weight': 5}, 'f1_treino': 0.6300429925522758, 'f1_validacao': 0.5285680983107394, 'desvio_f1': 0.06738685190157885, 'gap': 0.10147489424153644, 'tempo_s': 2.794370399991749, 'ajuste_medio_s': 0.8098798592885336, 'f1_folds': [0.47855703732130866, 0.48331943286071727, 0.6238278247501922], 'validacao_precision': 0.6636655693665755, 'validacao_recall': 0.46052234752188914, 'validacao_acuracia': 0.7604246944067926, 'validacao_roc_auc': 0.7976024094797739, 'validacao_average_precision': 0.6208834466665284}",,COMPLETE
10,0.5416239387470383,2026-10-01 13:02:10.558360,2026-10-01 13:02:14.043841,0 days 00:00:03.485481,0.06080705943507092,5,8,300,"{'modelo': 'XGBoost', 'estrategia': 'Optuna', 'parametros': {'n_estimators': 300, 'learning_rate': 0.06080705943507092, 'max_depth': 5, 'min_child_weight': 8}, 'f1_treino': 0.6857902887715812, 'f1_validacao': 0.5416239387470383, 'desvio_f1': 0.062487558910695615, 'gap': 0.14416635002454292, 'tempo_s': 3.4546227999962866, 'ajuste_medio_s': 1.0132602055867512, 'f1_folds': [0.48558421851289835, 0.5104685942173479, 0.6288190035108687], 'validacao_precision': 0.6545640636204313, 'validacao_recall': 0.4851027940647417, 'validacao_acuracia': 0.7601643603283067, 'validacao_roc_auc': 0.797621533519674, 'validacao_average_precision': 0.6258305123501603}","{""learning_rate"": 0.06080705943507092, ""max_depth"": 5, ""min_child_weight"": 8, ""n_estimators"": 300}",COMPLETE
11,0.5485376128188476,2026-10-01 13:02:14.056578,2026-10-01 13:02:16.599227,0 days 00:00:02.542649,0.15471403592425081,6,8,150,"{'modelo': 'XGBoost', 'estrategia': 'Optuna', 'parametros': {'n_estimators': 150, 'learning_rate': 0.15471403592425081, 'max_depth': 6, 'min_child_weight': 8}, 'f1_treino': 0.7567817428395013, 'f1_validacao': 0.5485376128188476, 'desvio_f1': 0.06340482079563592, 'gap': 0.20824413002065367, 'tempo_s': 2.5131938999984413, 'ajuste_medio_s': 0.7203495502471924, 'f1_folds': [0.4831896959939388, 0.5280373831775701, 0.634385759285034], 'validacao_precision': 0.6509524195509616, 'validacao_recall': 0.49953851722865444, 'validacao_acuracia': 0.7602437453511351, 'validacao_roc_auc': 0.7946058735314053, 'validacao_average_precision': 0.6300061369961721}","{""learning_rate"": 0.15471403592425081, ""max_depth"": 6, ""min_child_weight"": 8, ""n_estimators"": 150}",COMPLETE
12,0.5493960907509811,2026-10-01 13:02:16.612318,2026-10-01 13:02:19.180014,0 days 00:00:02.567696,0.1626884126446817,5,6,200,"{'modelo': 'XGBoost', 'estrategia': 'Optuna', 'parametros': {'n_estimators': 200, 'learning_rate': 0.1626884126446817, 'max_depth': 5, 'min_child_weight': 6}, 'f1_treino': 0.7423779106935754, 'f1_validacao': 0.5493960907509811, 'desvio_f1': 0.059404365568895376, 'gap': 0.19298181994259433, 'tempo_s': 2.538651499999105, 'ajuste_medio_s': 0.7281444867451986, 'f1_folds': [0.49127717137792704, 0.5259202158412025, 0.6309908850338136], 'validacao_precision': 0.6435348180593219, 'validacao_recall': 0.5023566384694996, 'validacao_acuracia': 0.7587583449839319, 'validacao_roc_auc': 0.7914560703813566, 'validacao_average_precision': 0.6231964110170701}","{""learning_rate"": 0.1626884126446817, ""max_depth"": 5, ""min_child_weight"": 6, ""n_estimators"": 200}",COMPLETE
13,0.5479858835616754,2026-10-01 13:02:19.193302,2026-10-01 13:02:22.745716,0 days 00:00:03.552414,0.1906040719261032,6,5,250,"{'modelo': 'XGBoost', 'estrategia': 'Optuna', 'parametros': {'n_estimators': 250, 'learning_rate': 0.1906040719261032, 'max_depth': 6, 'min_child_weight': 5}, 'f1_treino': 0.858333699436716, 'f1_validacao': 0.5479858835616754, 'desvio_f1': 0.06307603481868809, 'gap': 0.31034781587504057, 'tempo_s': 3.5224394999968354, 'ajuste_medio_s': 1.0272110303243, 'f1_folds': [0.48213461360908505, 0.5288002247822422, 0.6330228122936992], 'validacao_precision': 0.6282685326248695, 'validacao_recall': 0.5077842990959045, 'validacao_acuracia': 0.7547703243547662, 'validacao_roc_auc': 0.7857345419465039, 'validacao_average_precision': 0.6199717328834967}","{""learning_rate"": 0.1906040719261032, ""max_depth"": 6, ""min_child_weight"": 5, ""n_estimators"": 250}",COMPLETE
14,0.5481582704344371,2026-10-01 13:02:22.759358,2026-10-01 13:02:24.629432,0 days 00:00:01.870074,0.197800873702055,4,5,150,"{'modelo': 'XGBoost', 'estrategia': 'Optuna', 'parametros': {'n_estimators': 150, 'learning_rate': 0.197800873702055, 'max_depth': 4, 'min_child_weight': 5}, 'f1_treino': 0.6834679675301745, 'f1_validacao': 0.5481582704344371, 'desvio_f1': 0.06190771553840128, 'gap': 0.13530969709573737, 'tempo_s': 1.839574800003902, 'ajuste_medio_s': 0.510422150293986, 'f1_folds': [0.48670987132525595, 0.5248739655664415, 0.6328909744116138], 'validacao_precision': 0.640702279349545, 'validacao_recall': 0.5033158396478374, 'validacao_acuracia': 0.7576084131825498, 'validacao_roc_auc': 0.79382571972019, 'validacao_average_precision': 0.6218114296320082}","{""learning_rate"": 0.197800873702055, ""max_depth"": 4, ""min_child_weight"": 5, ""n_estimators"": 150}",COMPLETE
15,0.5480471802889626,2026-10-01 13:02:24.642726,2026-10-01 13:02:27.236320,0 days 00:00:02.593594,0.12493595126464613,5,6,200,"{'modelo': 'XGBoost', 'estrategia': 'Optuna', 'parametros': {'n_estimators': 200, 'learning_rate': 0.12493595126464613, 'max_depth': 5, 'min_child_weight': 6}, 'f1_treino': 0.7162796827569399, 'f1_validacao': 0.5480471802889626, 'desvio_f1': 0.059462651516776835, 'gap': 0.16823250246797727, 'tempo_s': 2.5640532999968855, 'ajuste_medio_s': 0.7366125583648682, 'f1_folds': [0.49701826313827807, 0.5156759964395213, 0.6314472812890883], 'validacao_precision': 0.649538035714869, 'validacao_recall': 0.4970858756748024, 'validacao_acuracia': 0.7601761355604184, 'validacao_roc_auc': 0.7964302056299792, 'validacao_average_precision': 0.6247054163996167}","{""learning_rate"": 0.12493595126464613, ""max_depth"": 5, ""min_child_weight"": 6, ""n_estimators"": 200}",COMPLETE
16,0.5472033796389962,2026-10-01 13:02:27.255031,2026-10-01 13:02:30.390909,0 days 00:00:03.135878,0.08969870409080506,6,7,200,"{'modelo': 'XGBoost', 'estrategia': 'Optuna', 'parametros': {'n_estimators': 200, 'learning_rate': 0.08969870409080506, 'max_depth': 6, 'min_child_weight': 7}, 'f1_treino': 0.7306412464222506, 'f1_validacao': 0.5472033796389962, 'desvio_f1': 0.06045492292373107, 'gap': 0.18343786678325436, 'tempo_s': 3.103717099991627, 'ajuste_medio_s': 0.905148426691691, 'f1_folds': [0.4908695240798562, 0.5196740858505564, 0.6310665289865762], 'validacao_precision': 0.6572484897280321, 'validacao_recall': 0.49340837580894165, 'validacao_acuracia': 0.7615288207373275, 'validacao_roc_auc': 0.7966166867723586, 'validacao_average_precision': 0.6272570200043541}","{""learning_rate"": 0.08969870409080506, ""max_depth"": 6, ""min_child_weight"": 7, ""n_estimators"": 200}",COMPLETE
17,0.5427755341276281,2026-10-01 13:02:30.403828,2026-10-01 13:02:32.957550,0 days 00:00:02.553722,0.16430343588568408,4,5,250,"{'modelo': 'XGBoost', 'estrategia': 'Optuna', 'parametros': {'n_estimators': 250, 'learning_rate': 0.16430343588568408, 'max_depth': 4, 'min_child_weight': 5}, 'f1_treino': 0.7094484518287018, 'f1_validacao': 0.5427755341276281, 'desvio_f1': 0.06498785997383755, 'gap': 0.16667291770107362, 'tempo_s': 2.5255004999926314, 'ajuste_medio_s': 0.716101328531901, 'f1_folds': [0.48655762361346117, 0.5079178885630499, 0.6338510902063735], 'validacao_precision': 0.6412345604420249, 'validacao_recall': 0.4957502503506957, 'validacao_acuracia': 0.7568435184561162, 'validacao_roc_auc': 0.7920861419254873, 'validacao_average_precision': 0.6201623810794645}","{""learning_rate"": 0.16430343588568408, ""max_depth"": 4, ""min_child_weight"": 5, ""n_estimators"": 250}",COMPLETE
18,0.5426718714351244,2026-10-01 13:02:32.971153,2026-10-01 13:02:35.174541,0 days 00:00:02.203388,0.1704417692503439,4,9,200,"{'modelo': 'XGBoost', 'estrategia': 'Optuna', 'parametros': {'n_estimators': 200, 'learning_rate': 0.1704417692503439, 'max_depth': 4, 'min_child_weight': 9}, 'f1_treino': 0.6913996768714211, 'f1_validacao': 0.5426718714351244, 'desvio_f1': 0.06653597498436666, 'gap': 0.1487278054362967, 'tempo_s': 2.1758929999923566, 'ajuste_medio_s': 0.6130367120107015, 'f1_folds': [0.47962857684290316, 0.5136979717389215, 0.6346890657235484], 'validacao_precision': 0.6412954221968165, 'validacao_recall': 0.4951500597277247, 'validacao_acuracia': 0.7569337641939695, 'validacao_roc_auc': 0.7925824823686787, 'validacao_average_precision': 0.6217045982245711}","{""learning_rate"": 0.1704417692503439, ""max_depth"": 4, ""min_child_weight"": 9, ""n_estimators"": 200}",COMPLETE
19,0.5416294272485144,2026-10-01 13:02:35.187491,2026-10-01 13:02:37.084103,0 days 00:00:01.896612,0.09934586758614065,4,7,150,"{'modelo': 'XGBoost', 'estrategia': 'Optuna', 'parametros': {'n_estimators': 150, 'learning_rate': 0.09934586758614065, 'max_depth': 4, 'min_child_weight': 7}, 'f1_treino': 0.6397464889548781, 'f1_validacao': 0.5416294272485144, 'desvio_f1': 0.06252483463993798, 'gap': 0.0981170617063637, 'tempo_s': 1.868174999995972, 'ajuste_medio_s': 0.5201478799184164, 'f1_folds': [0.48724295506473725, 0.5084437253514006, 0.6292016013294055], 'validacao_precision': 0.6631020682375831, 'validacao_recall': 0.48017045489649446, 'validacao_acuracia': 0.7624542890518873, 'validacao_roc_auc': 0.7992403140571372, 'validacao_average_precision': 0.6265468279717786}","{""learning_rate"": 0.09934586758614065, ""max_depth"": 4, ""min_child_weight"": 7, ""n_estimators"": 150}",COMPLETE
