number,value,datetime_start,datetime_complete,duration,params_max_depth,params_max_features,params_min_samples_leaf,params_n_estimators,user_attrs_resultado,system_attrs_tpe:relative_params:0,state
0,0.518593574333526,2026-10-01 12:38:15.389961,2026-10-01 12:38:30.014897,0 days 00:00:14.624936,8.0,sqrt,2,200,"{'modelo': 'Random Forest', 'estrategia': 'Optuna', 'parametros': {'n_estimators': 200, 'max_depth': 8, 'min_samples_leaf': 2, 'max_features': 'sqrt'}, 'f1_treino': 0.580078890616052, 'f1_validacao': 0.518593574333526, 'desvio_f1': 0.04738607940287102, 'gap': 0.06148531628252596, 'tempo_s': 14.588985099995625, 'ajuste_medio_s': 4.452720880508423, 'f1_folds': [0.47599438465138044, 0.4950920245398773, 0.5846943138093202], 'validacao_precision': 0.658740935784594, 'validacao_recall': 0.43499473126538857, 'validacao_acuracia': 0.7585957595184416, 'validacao_roc_auc': 0.7904128429322165, 'validacao_average_precision': 0.6198027062376341}",,COMPLETE
1,0.5459903646198462,2026-10-01 12:38:30.032250,2026-10-01 12:39:00.286111,0 days 00:00:30.253861,16.0,sqrt,10,300,"{'modelo': 'Random Forest', 'estrategia': 'Optuna', 'parametros': {'n_estimators': 300, 'max_depth': 16, 'min_samples_leaf': 10, 'max_features': 'sqrt'}, 'f1_treino': 0.720050805254858, 'f1_validacao': 0.5459903646198462, 'desvio_f1': 0.045428533100683975, 'gap': 0.1740604406350118, 'tempo_s': 30.221996600012062, 'ajuste_medio_s': 9.149358034133911, 'f1_folds': [0.5037519211644517, 0.5251862891207153, 0.6090328835743718], 'validacao_precision': 0.6555750451120798, 'validacao_recall': 0.47726359571766475, 'validacao_acuracia': 0.7631077284509352, 'validacao_roc_auc': 0.7960354249733582, 'validacao_average_precision': 0.628523730796897}",,COMPLETE
2,0.5386007061375113,2026-10-01 12:39:00.302189,2026-10-01 12:40:52.512142,0 days 00:01:52.209953,,1.0,5,150,"{'modelo': 'Random Forest', 'estrategia': 'Optuna', 'parametros': {'n_estimators': 150, 'max_depth': None, 'min_samples_leaf': 5, 'max_features': 1.0}, 'f1_treino': 0.8949604329394226, 'f1_validacao': 0.5386007061375113, 'desvio_f1': 0.05634655604256659, 'gap': 0.3563597268019113, 'tempo_s': 112.18440830000327, 'ajuste_medio_s': 36.85830473899841, 'f1_folds': [0.49807868252516013, 0.4994405452141186, 0.6182828906732551], 'validacao_precision': 0.6484868695756927, 'validacao_recall': 0.4760909790024718, 'validacao_acuracia': 0.759367545643091, 'validacao_roc_auc': 0.7842184287598354, 'validacao_average_precision': 0.6161485446734177}",,COMPLETE
3,0.5370402476177468,2026-10-01 12:40:52.526120,2026-10-01 12:42:37.844568,0 days 00:01:45.318448,,1.0,8,150,"{'modelo': 'Random Forest', 'estrategia': 'Optuna', 'parametros': {'n_estimators': 150, 'max_depth': None, 'min_samples_leaf': 8, 'max_features': 1.0}, 'f1_treino': 0.8227661381542513, 'f1_validacao': 0.5370402476177468, 'desvio_f1': 0.05641763652616465, 'gap': 0.28572589053650443, 'tempo_s': 105.2923002000025, 'ajuste_medio_s': 34.58470368385315, 'f1_folds': [0.49706206390011015, 0.4972319048595448, 0.6168267740935853], 'validacao_precision': 0.6513593628475491, 'validacao_recall': 0.47249732252241056, 'validacao_acuracia': 0.7597286814350125, 'validacao_roc_auc': 0.7866075407718677, 'validacao_average_precision': 0.6188806212897298}",,COMPLETE
4,0.5388773175598057,2026-10-01 12:42:37.858004,2026-10-01 12:46:09.186790,0 days 00:03:31.328786,16.0,1.0,1,250,"{'modelo': 'Random Forest', 'estrategia': 'Optuna', 'parametros': {'n_estimators': 250, 'max_depth': 16, 'min_samples_leaf': 1, 'max_features': 1.0}, 'f1_treino': 0.9233203326899572, 'f1_validacao': 0.5388773175598057, 'desvio_f1': 0.05602073698643391, 'gap': 0.38444301513015144, 'tempo_s': 211.30155390000436, 'ajuste_medio_s': 69.4586051305135, 'f1_folds': [0.4897334293948127, 0.5096334354312815, 0.6172650878533231], 'validacao_precision': 0.6309358179165745, 'validacao_recall': 0.4847750973701727, 'validacao_acuracia': 0.7547803876121262, 'validacao_roc_auc': 0.7748245776188186, 'validacao_average_precision': 0.609161988161207}",,COMPLETE
5,0.5388389314031905,2026-10-01 12:46:09.202023,2026-10-01 12:50:14.732241,0 days 00:04:05.530218,,1.0,5,300,"{'modelo': 'Random Forest', 'estrategia': 'Optuna', 'parametros': {'n_estimators': 300, 'max_depth': None, 'min_samples_leaf': 5, 'max_features': 1.0}, 'f1_treino': 0.8958132131587163, 'f1_validacao': 0.5388389314031905, 'desvio_f1': 0.055541763674318345, 'gap': 0.3569742817555258, 'tempo_s': 245.50421330000972, 'ajuste_medio_s': 80.81827529271443, 'f1_folds': [0.4991315476734619, 0.5, 0.6173852465361096], 'validacao_precision': 0.6503755826691362, 'validacao_recall': 0.47523551891706833, 'validacao_acuracia': 0.7598812781137013, 'validacao_roc_auc': 0.7852017894459449, 'validacao_average_precision': 0.6178448960902115}",,COMPLETE
6,0.5207743595591342,2026-10-01 12:50:14.746602,2026-10-01 12:51:17.747793,0 days 00:01:03.001191,8.0,1.0,4,150,"{'modelo': 'Random Forest', 'estrategia': 'Optuna', 'parametros': {'n_estimators': 150, 'max_depth': 8, 'min_samples_leaf': 4, 'max_features': 1.0}, 'f1_treino': 0.6264960786160626, 'f1_validacao': 0.5207743595591342, 'desvio_f1': 0.056957705403517155, 'gap': 0.1057217190569284, 'tempo_s': 62.97123239999928, 'ajuste_medio_s': 20.669787645339966, 'f1_folds': [0.4741721854304636, 0.48717686727291304, 0.6009740259740259], 'validacao_precision': 0.6528453829669888, 'validacao_recall': 0.44606093541942204, 'validacao_acuracia': 0.7571159472028942, 'validacao_roc_auc': 0.784730172473281, 'validacao_average_precision': 0.6134684636555824}",,COMPLETE
7,0.5221499185097854,2026-10-01 12:51:17.761533,2026-10-01 12:52:22.652850,0 days 00:01:04.891317,8.0,1.0,9,150,"{'modelo': 'Random Forest', 'estrategia': 'Optuna', 'parametros': {'n_estimators': 150, 'max_depth': 8, 'min_samples_leaf': 9, 'max_features': 1.0}, 'f1_treino': 0.6201335932373598, 'f1_validacao': 0.5221499185097854, 'desvio_f1': 0.056316591936000526, 'gap': 0.09798367472757441, 'tempo_s': 64.86682739999378, 'ajuste_medio_s': 21.282519976298016, 'f1_folds': [0.4773112408209377, 0.48756524408965307, 0.6015732706187658], 'validacao_precision': 0.6527799032966362, 'validacao_recall': 0.44768423598891544, 'validacao_acuracia': 0.7574440771135387, 'validacao_roc_auc': 0.7863696516098998, 'validacao_average_precision': 0.614235880405103}",,COMPLETE
8,0.5374981453228921,2026-10-01 12:52:22.671660,2026-10-01 12:54:11.461297,0 days 00:01:48.789637,,1.0,4,150,"{'modelo': 'Random Forest', 'estrategia': 'Optuna', 'parametros': {'n_estimators': 150, 'max_depth': None, 'min_samples_leaf': 4, 'max_features': 1.0}, 'f1_treino': 0.9270207815342241, 'f1_validacao': 0.5374981453228921, 'desvio_f1': 0.055628957618697336, 'gap': 0.389522636211332, 'tempo_s': 108.7548073999933, 'ajuste_medio_s': 35.72467954953512, 'f1_folds': [0.49466519499632083, 0.5017667844522968, 0.6160624565200588], 'validacao_precision': 0.6472462168241299, 'validacao_recall': 0.47521367018998645, 'validacao_acuracia': 0.7586702590351869, 'validacao_roc_auc': 0.7823965289932561, 'validacao_average_precision': 0.6151555861513284}",,COMPLETE
9,0.538292791735543,2026-10-01 12:54:11.474575,2026-10-01 12:56:32.075169,0 days 00:02:20.600594,16.0,1.0,9,200,"{'modelo': 'Random Forest', 'estrategia': 'Optuna', 'parametros': {'n_estimators': 200, 'max_depth': 16, 'min_samples_leaf': 9, 'max_features': 1.0}, 'f1_treino': 0.7894299481554999, 'f1_validacao': 0.538292791735543, 'desvio_f1': 0.05496622942817388, 'gap': 0.25113715641995693, 'tempo_s': 140.57544070000586, 'ajuste_medio_s': 46.18636782964071, 'f1_folds': [0.4983492296404989, 0.500512400081984, 0.6160167454841461], 'validacao_precision': 0.6526285248534943, 'validacao_recall': 0.4734985857297988, 'validacao_acuracia': 0.7602132565596934, 'validacao_roc_auc': 0.7880016735472374, 'validacao_average_precision': 0.6200264734447264}",,COMPLETE
10,0.5469857134851998,2026-10-01 12:56:32.090982,2026-10-01 12:56:57.787650,0 days 00:00:25.696668,16.0,sqrt,6,250,"{'modelo': 'Random Forest', 'estrategia': 'Optuna', 'parametros': {'n_estimators': 250, 'max_depth': 16, 'min_samples_leaf': 6, 'max_features': 'sqrt'}, 'f1_treino': 0.7794248835156887, 'f1_validacao': 0.5469857134851998, 'desvio_f1': 0.047541431617352393, 'gap': 0.23243917003048897, 'tempo_s': 25.65983829999459, 'ajuste_medio_s': 7.780633211135864, 'f1_folds': [0.5054308472121651, 0.5219900497512437, 0.6135362434921906], 'validacao_precision': 0.6556472379876258, 'validacao_recall': 0.47963539851056186, 'validacao_acuracia': 0.7633446303248306, 'validacao_roc_auc': 0.7953618905970185, 'validacao_average_precision': 0.6295615665327831}","{""max_depth"": 16, ""max_features"": ""sqrt"", ""min_samples_leaf"": 6, ""n_estimators"": 250}",COMPLETE
11,0.5471440184049495,2026-10-01 12:56:57.801382,2026-10-01 12:57:27.055584,0 days 00:00:29.254202,16.0,sqrt,7,300,"{'modelo': 'Random Forest', 'estrategia': 'Optuna', 'parametros': {'n_estimators': 300, 'max_depth': 16, 'min_samples_leaf': 7, 'max_features': 'sqrt'}, 'f1_treino': 0.7601528292527141, 'f1_validacao': 0.5471440184049495, 'desvio_f1': 0.04544617896453593, 'gap': 0.21300881084776457, 'tempo_s': 29.225585899999714, 'ajuste_medio_s': 8.838593244552612, 'f1_folds': [0.5038181818181818, 0.5276950565812983, 0.6099188168153685], 'validacao_precision': 0.6578448541202815, 'validacao_recall': 0.47870953279384887, 'validacao_acuracia': 0.7637215358315234, 'validacao_roc_auc': 0.7963502094524375, 'validacao_average_precision': 0.6316467083650134}","{""max_depth"": 16, ""max_features"": ""sqrt"", ""min_samples_leaf"": 7, ""n_estimators"": 300}",COMPLETE
12,0.5469857134851998,2026-10-01 12:57:27.069882,2026-10-01 12:57:51.792158,0 days 00:00:24.722276,16.0,sqrt,6,250,"{'modelo': 'Random Forest', 'estrategia': 'Optuna', 'parametros': {'n_estimators': 250, 'max_depth': 16, 'min_samples_leaf': 6, 'max_features': 'sqrt'}, 'f1_treino': 0.7794248835156887, 'f1_validacao': 0.5469857134851998, 'desvio_f1': 0.047541431617352393, 'gap': 0.23243917003048897, 'tempo_s': 24.693953499998315, 'ajuste_medio_s': 7.45533816019694, 'f1_folds': [0.5054308472121651, 0.5219900497512437, 0.6135362434921906], 'validacao_precision': 0.6556472379876258, 'validacao_recall': 0.47963539851056186, 'validacao_acuracia': 0.7633446303248306, 'validacao_roc_auc': 0.7953618905970185, 'validacao_average_precision': 0.6295615665327831}","{""max_depth"": 16, ""max_features"": ""sqrt"", ""min_samples_leaf"": 6, ""n_estimators"": 250}",COMPLETE
13,0.5489652852277228,2026-10-01 12:57:51.806248,2026-10-01 12:58:22.018449,0 days 00:00:30.212201,16.0,sqrt,4,300,"{'modelo': 'Random Forest', 'estrategia': 'Optuna', 'parametros': {'n_estimators': 300, 'max_depth': 16, 'min_samples_leaf': 4, 'max_features': 'sqrt'}, 'f1_treino': 0.8243999651367302, 'f1_validacao': 0.5489652852277228, 'desvio_f1': 0.046331744277167713, 'gap': 0.2754346799090074, 'tempo_s': 30.182323599990923, 'ajuste_medio_s': 9.122778018315634, 'f1_folds': [0.5074224021592443, 0.5258552108194113, 0.6136182427045128], 'validacao_precision': 0.6545325168095416, 'validacao_recall': 0.48307581871697797, 'validacao_acuracia': 0.7633978860824412, 'validacao_roc_auc': 0.7945321121920843, 'validacao_average_precision': 0.6291796605592593}","{""max_depth"": 16, ""max_features"": ""sqrt"", ""min_samples_leaf"": 4, ""n_estimators"": 300}",COMPLETE
14,0.5495178119379615,2026-10-01 12:58:22.031872,2026-10-01 12:58:53.084106,0 days 00:00:31.052234,,sqrt,6,300,"{'modelo': 'Random Forest', 'estrategia': 'Optuna', 'parametros': {'n_estimators': 300, 'max_depth': None, 'min_samples_leaf': 6, 'max_features': 'sqrt'}, 'f1_treino': 0.8102889358193068, 'f1_validacao': 0.5495178119379615, 'desvio_f1': 0.046334844137994415, 'gap': 0.2607711238813454, 'tempo_s': 31.023113799994462, 'ajuste_medio_s': 9.361374616622925, 'f1_folds': [0.5054647276668774, 0.5295339863460967, 0.6135547218009101], 'validacao_precision': 0.6554127357523386, 'validacao_recall': 0.48356494644787335, 'validacao_acuracia': 0.7636742376282992, 'validacao_roc_auc': 0.7960196175455639, 'validacao_average_precision': 0.6297996895668027}","{""max_depth"": null, ""max_features"": ""sqrt"", ""min_samples_leaf"": 6, ""n_estimators"": 300}",COMPLETE
15,0.5495550600371052,2026-10-01 12:58:53.097436,2026-10-01 12:59:23.612773,0 days 00:00:30.515337,16.0,sqrt,3,300,"{'modelo': 'Random Forest', 'estrategia': 'Optuna', 'parametros': {'n_estimators': 300, 'max_depth': 16, 'min_samples_leaf': 3, 'max_features': 'sqrt'}, 'f1_treino': 0.8543989505582857, 'f1_validacao': 0.5495550600371052, 'desvio_f1': 0.048120884197138745, 'gap': 0.30484389052118055, 'tempo_s': 30.48531720000028, 'ajuste_medio_s': 9.206835428873697, 'f1_folds': [0.5081081081081081, 0.5235341045073794, 0.6170229674958277], 'validacao_precision': 0.655779871066643, 'validacao_recall': 0.48380112737528397, 'validacao_acuracia': 0.763901326784414, 'validacao_roc_auc': 0.7942841635277635, 'validacao_average_precision': 0.6292332565629918}","{""max_depth"": 16, ""max_features"": ""sqrt"", ""min_samples_leaf"": 3, ""n_estimators"": 300}",COMPLETE
16,0.5463953660494708,2026-10-01 12:59:23.626383,2026-10-01 12:59:48.767698,0 days 00:00:25.141315,,sqrt,9,250,"{'modelo': 'Random Forest', 'estrategia': 'Optuna', 'parametros': {'n_estimators': 250, 'max_depth': None, 'min_samples_leaf': 9, 'max_features': 'sqrt'}, 'f1_treino': 0.7468817760691183, 'f1_validacao': 0.5463953660494708, 'desvio_f1': 0.047614822484214614, 'gap': 0.2004864100196475, 'tempo_s': 25.11136819999956, 'ajuste_medio_s': 7.580279509226481, 'f1_folds': [0.5041061276058117, 0.5221585770274344, 0.6129213935151662], 'validacao_precision': 0.657784685591574, 'validacao_recall': 0.4771806972182124, 'validacao_acuracia': 0.7638071830020584, 'validacao_roc_auc': 0.7958317080619239, 'validacao_average_precision': 0.6290617938579178}","{""max_depth"": null, ""max_features"": ""sqrt"", ""min_samples_leaf"": 9, ""n_estimators"": 250}",COMPLETE
17,0.5475302250871371,2026-10-01 12:59:48.782698,2026-10-01 13:00:15.320770,0 days 00:00:26.538072,16.0,sqrt,2,250,"{'modelo': 'Random Forest', 'estrategia': 'Optuna', 'parametros': {'n_estimators': 250, 'max_depth': 16, 'min_samples_leaf': 2, 'max_features': 'sqrt'}, 'f1_treino': 0.8881268486098488, 'f1_validacao': 0.5475302250871371, 'desvio_f1': 0.049126045212018424, 'gap': 0.3405966235227117, 'tempo_s': 26.507315599999856, 'ajuste_medio_s': 7.999182939529419, 'f1_folds': [0.5060608781539014, 0.5199920031987205, 0.6165377939087896], 'validacao_precision': 0.6511291881067194, 'validacao_recall': 0.4836794198553631, 'validacao_acuracia': 0.7622374768822531, 'validacao_roc_auc': 0.7921122953580637, 'validacao_average_precision': 0.6279511964840158}","{""max_depth"": 16, ""max_features"": ""sqrt"", ""min_samples_leaf"": 2, ""n_estimators"": 250}",COMPLETE
18,0.5549392809570063,2026-10-01 13:00:15.334147,2026-10-01 13:00:49.684908,0 days 00:00:34.350761,,sqrt,2,300,"{'modelo': 'Random Forest', 'estrategia': 'Optuna', 'parametros': {'n_estimators': 300, 'max_depth': None, 'min_samples_leaf': 2, 'max_features': 'sqrt'}, 'f1_treino': 0.9803034003790868, 'f1_validacao': 0.5549392809570063, 'desvio_f1': 0.047574797492210615, 'gap': 0.4253641194220805, 'tempo_s': 34.3205578999914, 'ajuste_medio_s': 10.338862101236979, 'f1_folds': [0.5128663330950679, 0.5305066188912113, 0.6214448908847396], 'validacao_precision': 0.6565429173744223, 'validacao_recall': 0.4916542851872099, 'validacao_acuracia': 0.7651836912964919, 'validacao_roc_auc': 0.7928233108619395, 'validacao_average_precision': 0.6295632154944272}","{""max_depth"": null, ""max_features"": ""sqrt"", ""min_samples_leaf"": 2, ""n_estimators"": 300}",COMPLETE
19,0.5549392809570063,2026-10-01 13:00:49.698582,2026-10-01 13:01:23.842572,0 days 00:00:34.143990,,sqrt,2,300,"{'modelo': 'Random Forest', 'estrategia': 'Optuna', 'parametros': {'n_estimators': 300, 'max_depth': None, 'min_samples_leaf': 2, 'max_features': 'sqrt'}, 'f1_treino': 0.9803034003790868, 'f1_validacao': 0.5549392809570063, 'desvio_f1': 0.047574797492210615, 'gap': 0.4253641194220805, 'tempo_s': 34.114116900003864, 'ajuste_medio_s': 10.28294269243876, 'f1_folds': [0.5128663330950679, 0.5305066188912113, 0.6214448908847396], 'validacao_precision': 0.6565429173744223, 'validacao_recall': 0.4916542851872099, 'validacao_acuracia': 0.7651836912964919, 'validacao_roc_auc': 0.7928233159039224, 'validacao_average_precision': 0.6295632308759792}","{""max_depth"": null, ""max_features"": ""sqrt"", ""min_samples_leaf"": 2, ""n_estimators"": 300}",COMPLETE
