number,value,datetime_start,datetime_complete,duration,params_learning_rate,params_min_child_samples,params_n_estimators,params_num_leaves,user_attrs_resultado,system_attrs_tpe:relative_params:0,state
0,0.5524648906313362,2026-10-01 13:03:03.452816,2026-10-01 13:03:06.926475,0 days 00:00:03.473659,0.18214744423753768,40,200,50,"{'modelo': 'LightGBM', 'estrategia': 'Optuna', 'parametros': {'n_estimators': 200, 'learning_rate': 0.18214744423753768, 'num_leaves': 50, 'min_child_samples': 40}, 'f1_treino': 0.895879677170024, 'f1_validacao': 0.5524648906313362, 'desvio_f1': 0.0525891614618385, 'gap': 0.34341478653868784, 'tempo_s': 3.445202500006417, 'ajuste_medio_s': 0.8190639019012451, 'f1_folds': [0.5021865889212828, 0.5301435406698565, 0.6250645423028693], 'validacao_precision': 0.6366831055496109, 'validacao_recall': 0.507555572376937, 'validacao_acuracia': 0.7577695785679118, 'validacao_roc_auc': 0.7885772046932599, 'validacao_average_precision': 0.6209887129683057}",,COMPLETE
1,0.5344225216346657,2026-10-01 13:03:06.940122,2026-10-01 13:03:09.628319,0 days 00:00:02.688197,0.0403316977206044,54,150,17,"{'modelo': 'LightGBM', 'estrategia': 'Optuna', 'parametros': {'n_estimators': 150, 'learning_rate': 0.0403316977206044, 'num_leaves': 17, 'min_child_samples': 54}, 'f1_treino': 0.6224391274944572, 'f1_validacao': 0.5344225216346657, 'desvio_f1': 0.06339769111356737, 'gap': 0.08801660585979143, 'tempo_s': 2.6654964000044856, 'ajuste_medio_s': 0.6141304175059, 'f1_folds': [0.4803384289972118, 0.4995365125141621, 0.6233926233926234], 'validacao_precision': 0.6687770347135209, 'validacao_recall': 0.4661674813337222, 'validacao_acuracia': 0.7624507824777141, 'validacao_roc_auc': 0.8010818909596263, 'validacao_average_precision': 0.6265511413456916}",,COMPLETE
2,0.5559411852027106,2026-10-01 13:03:09.640608,2026-10-01 13:03:12.804885,0 days 00:00:03.164277,0.11494985844370333,59,250,16,"{'modelo': 'LightGBM', 'estrategia': 'Optuna', 'parametros': {'n_estimators': 250, 'learning_rate': 0.11494985844370333, 'num_leaves': 16, 'min_child_samples': 59}, 'f1_treino': 0.7087105215685098, 'f1_validacao': 0.5559411852027106, 'desvio_f1': 0.056881273841583625, 'gap': 0.15276933636579915, 'tempo_s': 3.1416772000084165, 'ajuste_medio_s': 0.7252892653147379, 'f1_folds': [0.5116835326586937, 0.5198964426119475, 0.6362435803374908], 'validacao_precision': 0.6445723779311957, 'validacao_recall': 0.5106404729492827, 'validacao_acuracia': 0.760730625594137, 'validacao_roc_auc': 0.7992687266986742, 'validacao_average_precision': 0.6246370751786687}",,COMPLETE
3,0.5499789406529437,2026-10-01 13:03:12.817841,2026-10-01 13:03:17.198464,0 days 00:00:04.380623,0.04488170057528786,19,300,23,"{'modelo': 'LightGBM', 'estrategia': 'Optuna', 'parametros': {'n_estimators': 300, 'learning_rate': 0.04488170057528786, 'num_leaves': 23, 'min_child_samples': 19}, 'f1_treino': 0.6866857467517642, 'f1_validacao': 0.5499789406529437, 'desvio_f1': 0.05891682327214044, 'gap': 0.13670680609882047, 'tempo_s': 4.357672300000559, 'ajuste_medio_s': 1.00483504931132, 'f1_folds': [0.49503264263411867, 0.523207584436105, 0.6316965948886074], 'validacao_precision': 0.6608891079755712, 'validacao_recall': 0.49429593061458776, 'validacao_acuracia': 0.7632400030123151, 'validacao_roc_auc': 0.8005443002360174, 'validacao_average_precision': 0.6273668491296928}",,COMPLETE
4,0.5538109850361351,2026-10-01 13:03:17.210660,2026-10-01 13:03:20.715885,0 days 00:00:03.505225,0.08118441500491742,24,200,36,"{'modelo': 'LightGBM', 'estrategia': 'Optuna', 'parametros': {'n_estimators': 200, 'learning_rate': 0.08118441500491742, 'num_leaves': 36, 'min_child_samples': 24}, 'f1_treino': 0.7480893602971056, 'f1_validacao': 0.5538109850361351, 'desvio_f1': 0.05710932211569269, 'gap': 0.19427837526097047, 'tempo_s': 3.4824383999948623, 'ajuste_medio_s': 0.8315978844960531, 'f1_folds': [0.5066120320357609, 0.5206530291109362, 0.6341678939617084], 'validacao_precision': 0.6552803902049071, 'validacao_recall': 0.5026093731287637, 'validacao_acuracia': 0.7627856931236568, 'validacao_roc_auc': 0.7984379667171306, 'validacao_average_precision': 0.628398988070725}",,COMPLETE
5,0.5500273280906679,2026-10-01 13:03:20.732505,2026-10-01 13:03:25.124777,0 days 00:00:04.392272,0.039088721491346144,28,250,29,"{'modelo': 'LightGBM', 'estrategia': 'Optuna', 'parametros': {'n_estimators': 250, 'learning_rate': 0.039088721491346144, 'num_leaves': 29, 'min_child_samples': 28}, 'f1_treino': 0.6820061410797392, 'f1_validacao': 0.5500273280906679, 'desvio_f1': 0.057884788355224544, 'gap': 0.13197881298907133, 'tempo_s': 4.368538599999738, 'ajuste_medio_s': 1.0107475916544597, 'f1_folds': [0.4948921679909194, 0.5251920582659882, 0.629997758015096], 'validacao_precision': 0.6646559554142262, 'validacao_recall': 0.49208363691149587, 'validacao_acuracia': 0.7641297880375673, 'validacao_roc_auc': 0.801006614721687, 'validacao_average_precision': 0.6272467435036478}",,COMPLETE
6,0.5558530451307006,2026-10-01 13:03:25.138606,2026-10-01 13:03:28.053245,0 days 00:00:02.914639,0.13305603957582046,36,200,24,"{'modelo': 'LightGBM', 'estrategia': 'Optuna', 'parametros': {'n_estimators': 200, 'learning_rate': 0.13305603957582046, 'num_leaves': 24, 'min_child_samples': 36}, 'f1_treino': 0.7516176640905322, 'f1_validacao': 0.5558530451307006, 'desvio_f1': 0.055266051270956185, 'gap': 0.19576461895983166, 'tempo_s': 2.889129300005152, 'ajuste_medio_s': 0.6773391564687093, 'f1_folds': [0.5083532219570406, 0.5258504708821834, 0.6333554425528779], 'validacao_precision': 0.6447910841408157, 'validacao_recall': 0.5094220501633521, 'validacao_acuracia': 0.7608112655691622, 'validacao_roc_auc': 0.7943801640961917, 'validacao_average_precision': 0.6260510886114119}",,COMPLETE
7,0.5514313491044889,2026-10-01 13:03:28.065245,2026-10-01 13:03:33.243227,0 days 00:00:05.177982,0.0327636407868471,18,250,44,"{'modelo': 'LightGBM', 'estrategia': 'Optuna', 'parametros': {'n_estimators': 250, 'learning_rate': 0.0327636407868471, 'num_leaves': 44, 'min_child_samples': 18}, 'f1_treino': 0.7046785760307906, 'f1_validacao': 0.5514313491044889, 'desvio_f1': 0.05770828962341557, 'gap': 0.15324722692630177, 'tempo_s': 5.154846399993403, 'ajuste_medio_s': 1.2228150367736816, 'f1_folds': [0.5000943574259294, 0.5221566469940983, 0.6320430428934389], 'validacao_precision': 0.6662421739133848, 'validacao_recall': 0.49319248265048077, 'validacao_acuracia': 0.7649500343699778, 'validacao_roc_auc': 0.800973326412271, 'validacao_average_precision': 0.6325571549979409}",,COMPLETE
8,0.5446781036901166,2026-10-01 13:03:33.257002,2026-10-01 13:03:36.444611,0 days 00:00:03.187609,0.18151659785390098,51,150,62,"{'modelo': 'LightGBM', 'estrategia': 'Optuna', 'parametros': {'n_estimators': 150, 'learning_rate': 0.18151659785390098, 'num_leaves': 62, 'min_child_samples': 51}, 'f1_treino': 0.8863985309327567, 'f1_validacao': 0.5446781036901166, 'desvio_f1': 0.05733611464495202, 'gap': 0.34172042724264007, 'tempo_s': 3.164083399999072, 'ajuste_medio_s': 0.75387175877889, 'f1_folds': [0.49574861367837336, 0.5131466540104413, 0.625139043381535], 'validacao_precision': 0.6321306202932676, 'validacao_recall': 0.4991645217366205, 'validacao_acuracia': 0.7549605799470637, 'validacao_roc_auc': 0.7883600923702186, 'validacao_average_precision': 0.618459991624036}",,COMPLETE
9,0.5501672936600382,2026-10-01 13:03:36.457537,2026-10-01 13:03:41.021928,0 days 00:00:04.564391,0.036107229235080446,32,200,48,"{'modelo': 'LightGBM', 'estrategia': 'Optuna', 'parametros': {'n_estimators': 200, 'learning_rate': 0.036107229235080446, 'num_leaves': 48, 'min_child_samples': 32}, 'f1_treino': 0.700985527416704, 'f1_validacao': 0.5501672936600382, 'desvio_f1': 0.05823722602971388, 'gap': 0.1508182337566657, 'tempo_s': 4.540814499996486, 'ajuste_medio_s': 1.0837985674540203, 'f1_folds': [0.49858889934148637, 0.5203497135966234, 0.6315632680420049], 'validacao_precision': 0.6639681870971642, 'validacao_recall': 0.4925967185913202, 'validacao_acuracia': 0.7641385765440115, 'validacao_roc_auc': 0.8008423179227657, 'validacao_average_precision': 0.6282845144077276}",,COMPLETE
10,0.5539066787673962,2026-10-01 13:03:41.034632,2026-10-01 13:03:44.711694,0 days 00:00:03.677062,0.09896376714751848,58,300,16,"{'modelo': 'LightGBM', 'estrategia': 'Optuna', 'parametros': {'n_estimators': 300, 'learning_rate': 0.09896376714751848, 'num_leaves': 16, 'min_child_samples': 58}, 'f1_treino': 0.7150525190063192, 'f1_validacao': 0.5539066787673962, 'desvio_f1': 0.05738461060877695, 'gap': 0.16114584023892298, 'tempo_s': 3.6471363000018755, 'ajuste_medio_s': 0.8437364101409912, 'f1_folds': [0.4965659986828488, 0.5328424723890719, 0.632311565230268], 'validacao_precision': 0.6561040511117509, 'validacao_recall': 0.5026569093626785, 'validacao_acuracia': 0.7627525104698404, 'validacao_roc_auc': 0.8006137022045547, 'validacao_average_precision': 0.6313612259015043}","{""learning_rate"": 0.09896376714751848, ""min_child_samples"": 58, ""n_estimators"": 300, ""num_leaves"": 16}",COMPLETE
11,0.5509757169919848,2026-10-01 13:03:44.725361,2026-10-01 13:03:47.569987,0 days 00:00:02.844626,0.13468657336131207,50,200,20,"{'modelo': 'LightGBM', 'estrategia': 'Optuna', 'parametros': {'n_estimators': 200, 'learning_rate': 0.13468657336131207, 'num_leaves': 20, 'min_child_samples': 50}, 'f1_treino': 0.7287221518434871, 'f1_validacao': 0.5509757169919848, 'desvio_f1': 0.06215203945530493, 'gap': 0.17774643485150232, 'tempo_s': 2.8116631000011694, 'ajuste_medio_s': 0.6545234521230062, 'f1_folds': [0.4865221489161169, 0.5314471420378513, 0.6349578600219861], 'validacao_precision': 0.6466994403333918, 'validacao_recall': 0.504859753024994, 'validacao_acuracia': 0.7597129287319812, 'validacao_roc_auc': 0.7960415419890411, 'validacao_average_precision': 0.6273780614154038}","{""learning_rate"": 0.13468657336131207, ""min_child_samples"": 50, ""n_estimators"": 200, ""num_leaves"": 20}",COMPLETE
12,0.5558825020207997,2026-10-01 13:03:47.583149,2026-10-01 13:03:50.290755,0 days 00:00:02.707606,0.11858558402451994,16,200,16,"{'modelo': 'LightGBM', 'estrategia': 'Optuna', 'parametros': {'n_estimators': 200, 'learning_rate': 0.11858558402451994, 'num_leaves': 16, 'min_child_samples': 16}, 'f1_treino': 0.6975961246852362, 'f1_validacao': 0.5558825020207997, 'desvio_f1': 0.05534412633999815, 'gap': 0.14171362266443654, 'tempo_s': 2.6791385000105947, 'ajuste_medio_s': 0.6225709120432535, 'f1_folds': [0.5037998146431881, 0.5313273662159589, 0.6325203252032521], 'validacao_precision': 0.6468370656606375, 'validacao_recall': 0.5090906129116167, 'validacao_acuracia': 0.7610742372266995, 'validacao_roc_auc': 0.7979300843813326, 'validacao_average_precision': 0.6278962969238475}","{""learning_rate"": 0.11858558402451994, ""min_child_samples"": 16, ""n_estimators"": 200, ""num_leaves"": 16}",COMPLETE
13,0.5530500034699463,2026-10-01 13:03:50.304054,2026-10-01 13:03:52.700556,0 days 00:00:02.396502,0.15108294888446344,14,150,23,"{'modelo': 'LightGBM', 'estrategia': 'Optuna', 'parametros': {'n_estimators': 150, 'learning_rate': 0.15108294888446344, 'num_leaves': 23, 'min_child_samples': 14}, 'f1_treino': 0.7341540234470179, 'f1_validacao': 0.5530500034699463, 'desvio_f1': 0.05694065501458026, 'gap': 0.1811040199770716, 'tempo_s': 2.365355100002489, 'ajuste_medio_s': 0.5635457038879395, 'f1_folds': [0.5020583661147197, 0.524571319091867, 0.6325203252032521], 'validacao_precision': 0.639194401634974, 'validacao_recall': 0.507408974619552, 'validacao_acuracia': 0.7589940266326285, 'validacao_roc_auc': 0.7947763719794105, 'validacao_average_precision': 0.6215884413934468}","{""learning_rate"": 0.15108294888446344, ""min_child_samples"": 14, ""n_estimators"": 150, ""num_leaves"": 23}",COMPLETE
14,0.5559112034785865,2026-10-01 13:03:52.714016,2026-10-01 13:03:56.454944,0 days 00:00:03.740928,0.09769032221432404,40,300,18,"{'modelo': 'LightGBM', 'estrategia': 'Optuna', 'parametros': {'n_estimators': 300, 'learning_rate': 0.09769032221432404, 'num_leaves': 18, 'min_child_samples': 40}, 'f1_treino': 0.7265346136498985, 'f1_validacao': 0.5559112034785865, 'desvio_f1': 0.05722733125736095, 'gap': 0.170623410171312, 'tempo_s': 3.709067799994955, 'ajuste_medio_s': 0.8577666282653809, 'f1_folds': [0.502661810030821, 0.5297549591598599, 0.6353168412450784], 'validacao_precision': 0.6569467459021285, 'validacao_recall': 0.5039700428922345, 'validacao_acuracia': 0.7638323667181354, 'validacao_roc_auc': 0.7999099775439799, 'validacao_average_precision': 0.6291104322013511}","{""learning_rate"": 0.09769032221432404, ""min_child_samples"": 40, ""n_estimators"": 300, ""num_leaves"": 18}",COMPLETE
15,0.5609011900928694,2026-10-01 13:03:56.467484,2026-10-01 13:04:00.337906,0 days 00:00:03.870422,0.07902978859187117,60,250,27,"{'modelo': 'LightGBM', 'estrategia': 'Optuna', 'parametros': {'n_estimators': 250, 'learning_rate': 0.07902978859187117, 'num_leaves': 27, 'min_child_samples': 60}, 'f1_treino': 0.7320350337138573, 'f1_validacao': 0.5609011900928694, 'desvio_f1': 0.05152398863924956, 'gap': 0.17113384362098782, 'tempo_s': 3.837681499993778, 'ajuste_medio_s': 0.8918654123942057, 'f1_folds': [0.5132270255323071, 0.537015503875969, 0.6324610408703323], 'validacao_precision': 0.6549918805919953, 'validacao_recall': 0.5123488826536936, 'validacao_acuracia': 0.7640494475538807, 'validacao_roc_auc': 0.7997890196293569, 'validacao_average_precision': 0.6329992629156315}","{""learning_rate"": 0.07902978859187117, ""min_child_samples"": 60, ""n_estimators"": 250, ""num_leaves"": 27}",COMPLETE
16,0.5574968763907457,2026-10-01 13:04:00.352261,2026-10-01 13:04:04.157073,0 days 00:00:03.804812,0.08186744360356142,53,250,28,"{'modelo': 'LightGBM', 'estrategia': 'Optuna', 'parametros': {'n_estimators': 250, 'learning_rate': 0.08186744360356142, 'num_leaves': 28, 'min_child_samples': 53}, 'f1_treino': 0.7402600351497103, 'f1_validacao': 0.5574968763907457, 'desvio_f1': 0.05563164714681612, 'gap': 0.18276315875896454, 'tempo_s': 3.7742494999984046, 'ajuste_medio_s': 0.8715403079986572, 'f1_folds': [0.5076339409641899, 0.5297255358355155, 0.6351311523725317], 'validacao_precision': 0.652710182946097, 'validacao_recall': 0.5086003294671381, 'validacao_acuracia': 0.7630401070156106, 'validacao_roc_auc': 0.7984056846363679, 'validacao_average_precision': 0.6286562679145401}","{""learning_rate"": 0.08186744360356142, ""min_child_samples"": 53, ""n_estimators"": 250, ""num_leaves"": 28}",COMPLETE
17,0.5554694926595295,2026-10-01 13:04:04.171352,2026-10-01 13:04:08.531948,0 days 00:00:04.360596,0.05587552701020527,53,250,34,"{'modelo': 'LightGBM', 'estrategia': 'Optuna', 'parametros': {'n_estimators': 250, 'learning_rate': 0.05587552701020527, 'num_leaves': 34, 'min_child_samples': 53}, 'f1_treino': 0.7220538763648245, 'f1_validacao': 0.5554694926595295, 'desvio_f1': 0.05565397371942868, 'gap': 0.16658438370529505, 'tempo_s': 4.328405299995211, 'ajuste_medio_s': 1.0010497570037842, 'f1_folds': [0.5043251790531114, 0.5292319826481318, 0.6328513162773451], 'validacao_precision': 0.658612436185415, 'validacao_recall': 0.5022032888553879, 'validacao_acuracia': 0.7640629480775399, 'validacao_roc_auc': 0.8008028664461019, 'validacao_average_precision': 0.6306072244086413}","{""learning_rate"": 0.05587552701020527, ""min_child_samples"": 53, ""n_estimators"": 250, ""num_leaves"": 34}",COMPLETE
18,0.5537838685909535,2026-10-01 13:04:08.546839,2026-10-01 13:04:12.566931,0 days 00:00:04.020092,0.06178940676358964,39,250,28,"{'modelo': 'LightGBM', 'estrategia': 'Optuna', 'parametros': {'n_estimators': 250, 'learning_rate': 0.06178940676358964, 'num_leaves': 28, 'min_child_samples': 39}, 'f1_treino': 0.7116531146705257, 'f1_validacao': 0.5537838685909535, 'desvio_f1': 0.05571480214351408, 'gap': 0.1578692460795722, 'tempo_s': 3.990555199998198, 'ajuste_medio_s': 0.9284241199493408, 'f1_folds': [0.5008434864104967, 0.5297150082676783, 0.6307931110946855], 'validacao_precision': 0.6554813877889492, 'validacao_recall': 0.5025452699432668, 'validacao_acuracia': 0.7625164086944664, 'validacao_roc_auc': 0.7981128898679071, 'validacao_average_precision': 0.6274296410035937}","{""learning_rate"": 0.06178940676358964, ""min_child_samples"": 39, ""n_estimators"": 250, ""num_leaves"": 28}",COMPLETE
19,0.5559010201802564,2026-10-01 13:04:12.580463,2026-10-01 13:04:17.010263,0 days 00:00:04.429800,0.12093841555450476,53,300,34,"{'modelo': 'LightGBM', 'estrategia': 'Optuna', 'parametros': {'n_estimators': 300, 'learning_rate': 0.12093841555450476, 'num_leaves': 34, 'min_child_samples': 53}, 'f1_treino': 0.8388889177865639, 'f1_validacao': 0.5559010201802564, 'desvio_f1': 0.05574771194541228, 'gap': 0.2829878976063075, 'tempo_s': 4.398602100001881, 'ajuste_medio_s': 1.022832949956258, 'f1_folds': [0.5068265682656826, 0.5270015105740181, 0.6338749817010687], 'validacao_precision': 0.6410055983977896, 'validacao_recall': 0.5131949967949544, 'validacao_acuracia': 0.7593926787352215, 'validacao_roc_auc': 0.7919036563925523, 'validacao_average_precision': 0.625516381650817}","{""learning_rate"": 0.12093841555450476, ""min_child_samples"": 53, ""n_estimators"": 300, ""num_leaves"": 34}",COMPLETE
